  [4;36;1mSQL (0.000376)[0m   [0;1m SELECT name
 FROM sqlite_master
 WHERE type = 'table' AND NOT name = 'sqlite_sequence'
[0m
  [4;35;1mSQL (0.013758)[0m   [0mselect sqlite_version(*)[0m
  [4;36;1mSQL (0.002513)[0m   [0;1mCREATE TABLE "schema_migrations" ("version" varchar(255) NOT NULL) [0m
  [4;35;1mSQL (0.002800)[0m   [0mCREATE UNIQUE INDEX "unique_schema_migrations" ON "schema_migrations" ("version")[0m
  [4;36;1mSQL (0.000592)[0m   [0;1m SELECT name
 FROM sqlite_master
 WHERE type = 'table' AND NOT name = 'sqlite_sequence'
[0m
  [4;35;1mSQL (0.000222)[0m   [0mSELECT version FROM schema_migrations[0m
Migrating to CreateBozons (20080605135638)
  [4;36;1mSQL (0.000163)[0m   [0;1mSELECT version FROM schema_migrations[0m
  [4;35;1mSQL (0.002969)[0m   [0mCREATE TABLE "bozons" ("id" INTEGER PRIMARY KEY AUTOINCREMENT NOT NULL, "json" text DEFAULT NULL NULL, "updated_at" datetime DEFAULT NULL NULL, "created_at" datetime DEFAULT NULL NULL) [0m
  [4;36;1mSQL (0.002851)[0m   [0;1mINSERT INTO schema_migrations (version) VALUES ('20080605135638')[0m
  [4;35;1mSQL (0.000348)[0m   [0mSELECT version FROM schema_migrations[0m
  [4;36;1mSQL (0.000375)[0m   [0;1m SELECT name
 FROM sqlite_master
 WHERE type = 'table' AND NOT name = 'sqlite_sequence'
[0m
  [4;35;1mSQL (0.000097)[0m   [0mPRAGMA index_list("bozons")[0m


Processing BozonsController#index (for 127.0.0.1 at 2008-06-05 10:05:44) [GET]
  Session ID: 396658f0b6bd9866d97528cee1120cec
  Parameters: {"action"=>"index", "controller"=>"bozons"}


ActionController::UnknownAction (No action responded to index):
    /Library/Ruby/Gems/1.8/gems/actionpack-2.1.0/lib/action_controller/filters.rb:580:in `call_filters'
    /Library/Ruby/Gems/1.8/gems/actionpack-2.1.0/lib/action_controller/filters.rb:573:in `perform_action_without_benchmark'
    /Library/Ruby/Gems/1.8/gems/actionpack-2.1.0/lib/action_controller/benchmarking.rb:68:in `perform_action_without_rescue'
    /System/Library/Frameworks/Ruby.framework/Versions/1.8/usr/lib/ruby/1.8/benchmark.rb:293:in `measure'
    /Library/Ruby/Gems/1.8/gems/actionpack-2.1.0/lib/action_controller/benchmarking.rb:68:in `perform_action_without_rescue'
    /Library/Ruby/Gems/1.8/gems/actionpack-2.1.0/lib/action_controller/rescue.rb:201:in `perform_action_without_caching'
    /Library/Ruby/Gems/1.8/gems/actionpack-2.1.0/lib/action_controller/caching/sql_cache.rb:13:in `perform_action'
    /Library/Ruby/Gems/1.8/gems/activerecord-2.1.0/lib/active_record/connection_adapters/abstract/query_cache.rb:33:in `cache'
    /Library/Ruby/Gems/1.8/gems/activerecord-2.1.0/lib/active_record/query_cache.rb:8:in `cache'
    /Library/Ruby/Gems/1.8/gems/actionpack-2.1.0/lib/action_controller/caching/sql_cache.rb:12:in `perform_action'
    /Library/Ruby/Gems/1.8/gems/actionpack-2.1.0/lib/action_controller/base.rb:529:in `send'
    /Library/Ruby/Gems/1.8/gems/actionpack-2.1.0/lib/action_controller/base.rb:529:in `process_without_filters'
    /Library/Ruby/Gems/1.8/gems/actionpack-2.1.0/lib/action_controller/filters.rb:569:in `process_without_session_management_support'
    /Library/Ruby/Gems/1.8/gems/actionpack-2.1.0/lib/action_controller/session_management.rb:130:in `process'
    /Library/Ruby/Gems/1.8/gems/actionpack-2.1.0/lib/action_controller/base.rb:389:in `process'
    /Library/Ruby/Gems/1.8/gems/actionpack-2.1.0/lib/action_controller/dispatcher.rb:149:in `handle_request'
    /Library/Ruby/Gems/1.8/gems/actionpack-2.1.0/lib/action_controller/dispatcher.rb:107:in `dispatch'
    /Library/Ruby/Gems/1.8/gems/actionpack-2.1.0/lib/action_controller/dispatcher.rb:104:in `synchronize'
    /Library/Ruby/Gems/1.8/gems/actionpack-2.1.0/lib/action_controller/dispatcher.rb:104:in `dispatch'
    /Library/Ruby/Gems/1.8/gems/actionpack-2.1.0/lib/action_controller/dispatcher.rb:120:in `dispatch_cgi'
    /Library/Ruby/Gems/1.8/gems/actionpack-2.1.0/lib/action_controller/dispatcher.rb:35:in `dispatch'
    /System/Library/Frameworks/Ruby.framework/Versions/1.8/usr/lib/ruby/gems/1.8/gems/mongrel-1.1.4/bin/../lib/mongrel/rails.rb:76:in `process'
    /System/Library/Frameworks/Ruby.framework/Versions/1.8/usr/lib/ruby/gems/1.8/gems/mongrel-1.1.4/bin/../lib/mongrel/rails.rb:74:in `synchronize'
    /System/Library/Frameworks/Ruby.framework/Versions/1.8/usr/lib/ruby/gems/1.8/gems/mongrel-1.1.4/bin/../lib/mongrel/rails.rb:74:in `process'
    /System/Library/Frameworks/Ruby.framework/Versions/1.8/usr/lib/ruby/gems/1.8/gems/mongrel-1.1.4/lib/mongrel.rb:159:in `process_client'
    /System/Library/Frameworks/Ruby.framework/Versions/1.8/usr/lib/ruby/gems/1.8/gems/mongrel-1.1.4/lib/mongrel.rb:158:in `each'
    /System/Library/Frameworks/Ruby.framework/Versions/1.8/usr/lib/ruby/gems/1.8/gems/mongrel-1.1.4/lib/mongrel.rb:158:in `process_client'
    /System/Library/Frameworks/Ruby.framework/Versions/1.8/usr/lib/ruby/gems/1.8/gems/mongrel-1.1.4/lib/mongrel.rb:285:in `run'
    /System/Library/Frameworks/Ruby.framework/Versions/1.8/usr/lib/ruby/gems/1.8/gems/mongrel-1.1.4/lib/mongrel.rb:285:in `initialize'
    /System/Library/Frameworks/Ruby.framework/Versions/1.8/usr/lib/ruby/gems/1.8/gems/mongrel-1.1.4/lib/mongrel.rb:285:in `new'
    /System/Library/Frameworks/Ruby.framework/Versions/1.8/usr/lib/ruby/gems/1.8/gems/mongrel-1.1.4/lib/mongrel.rb:285:in `run'
    /System/Library/Frameworks/Ruby.framework/Versions/1.8/usr/lib/ruby/gems/1.8/gems/mongrel-1.1.4/lib/mongrel.rb:268:in `initialize'
    /System/Library/Frameworks/Ruby.framework/Versions/1.8/usr/lib/ruby/gems/1.8/gems/mongrel-1.1.4/lib/mongrel.rb:268:in `new'
    /System/Library/Frameworks/Ruby.framework/Versions/1.8/usr/lib/ruby/gems/1.8/gems/mongrel-1.1.4/lib/mongrel.rb:268:in `run'
    /System/Library/Frameworks/Ruby.framework/Versions/1.8/usr/lib/ruby/gems/1.8/gems/mongrel-1.1.4/lib/mongrel/configurator.rb:282:in `run'
    /System/Library/Frameworks/Ruby.framework/Versions/1.8/usr/lib/ruby/gems/1.8/gems/mongrel-1.1.4/lib/mongrel/configurator.rb:281:in `each'
    /System/Library/Frameworks/Ruby.framework/Versions/1.8/usr/lib/ruby/gems/1.8/gems/mongrel-1.1.4/lib/mongrel/configurator.rb:281:in `run'
    /System/Library/Frameworks/Ruby.framework/Versions/1.8/usr/lib/ruby/gems/1.8/gems/mongrel-1.1.4/bin/mongrel_rails:128:in `run'
    /System/Library/Frameworks/Ruby.framework/Versions/1.8/usr/lib/ruby/gems/1.8/gems/mongrel-1.1.4/lib/mongrel/command.rb:212:in `run'
    /System/Library/Frameworks/Ruby.framework/Versions/1.8/usr/lib/ruby/gems/1.8/gems/mongrel-1.1.4/bin/mongrel_rails:281
    /Library/Ruby/Gems/1.8/gems/activesupport-2.1.0/lib/active_support/dependencies.rb:502:in `load'
    /Library/Ruby/Gems/1.8/gems/activesupport-2.1.0/lib/active_support/dependencies.rb:502:in `load'
    /Library/Ruby/Gems/1.8/gems/activesupport-2.1.0/lib/active_support/dependencies.rb:354:in `new_constants_in'
    /Library/Ruby/Gems/1.8/gems/activesupport-2.1.0/lib/active_support/dependencies.rb:502:in `load'
    /Library/Ruby/Gems/1.8/gems/rails-2.1.0/lib/commands/servers/mongrel.rb:64
    /Library/Ruby/Site/1.8/rubygems/custom_require.rb:27:in `gem_original_require'
    /Library/Ruby/Site/1.8/rubygems/custom_require.rb:27:in `require'
    /Library/Ruby/Gems/1.8/gems/activesupport-2.1.0/lib/active_support/dependencies.rb:509:in `require'
    /Library/Ruby/Gems/1.8/gems/activesupport-2.1.0/lib/active_support/dependencies.rb:354:in `new_constants_in'
    /Library/Ruby/Gems/1.8/gems/activesupport-2.1.0/lib/active_support/dependencies.rb:509:in `require'
    /Library/Ruby/Gems/1.8/gems/rails-2.1.0/lib/commands/server.rb:39
    /Library/Ruby/Site/1.8/rubygems/custom_require.rb:27:in `gem_original_require'
    /Library/Ruby/Site/1.8/rubygems/custom_require.rb:27:in `require'
    script/server:3

Rendering /Library/Ruby/Gems/1.8/gems/actionpack-2.1.0/lib/action_controller/templates/rescues/layout.erb (not_found)
  [4;36;1mSQL (0.000484)[0m   [0;1m SELECT name
 FROM sqlite_master
 WHERE type = 'table' AND NOT name = 'sqlite_sequence'
[0m
  [4;35;1mSQL (0.000181)[0m   [0mSELECT version FROM schema_migrations[0m
Migrating to CreateBozons (20080605161332)
  [4;36;1mSQL (0.000148)[0m   [0;1mSELECT version FROM schema_migrations[0m
  [4;35;1mSQL (0.000124)[0m   [0mselect sqlite_version(*)[0m
  [4;36;1mSQL (0.000000)[0m   [0;1mSQLite3::SQLException: table "bozons" already exists: CREATE TABLE "bozons" ("id" INTEGER PRIMARY KEY AUTOINCREMENT NOT NULL, "content" text DEFAULT NULL NULL, "created_at" datetime DEFAULT NULL NULL, "updated_at" datetime DEFAULT NULL NULL) [0m
  [4;36;1mSQL (0.000281)[0m   [0;1mselect sqlite_version(*)[0m
  [4;35;1mSQL (0.000209)[0m   [0m SELECT name
 FROM sqlite_master
 WHERE type = 'table' AND NOT name = 'sqlite_sequence'
[0m
  [4;36;1mSQL (0.003489)[0m   [0;1mCREATE TABLE "bozons" ("id" INTEGER PRIMARY KEY AUTOINCREMENT NOT NULL, "json" text DEFAULT NULL NULL, "updated_at" datetime DEFAULT NULL NULL, "created_at" datetime DEFAULT NULL NULL) [0m
  [4;35;1mSQL (0.000678)[0m   [0m SELECT name
 FROM sqlite_master
 WHERE type = 'table' AND NOT name = 'sqlite_sequence'
[0m
  [4;36;1mSQL (0.002611)[0m   [0;1mCREATE TABLE "schema_migrations" ("version" varchar(255) NOT NULL) [0m
  [4;35;1mSQL (0.002983)[0m   [0mCREATE UNIQUE INDEX "unique_schema_migrations" ON "schema_migrations" ("version")[0m
  [4;36;1mSQL (0.000748)[0m   [0;1m SELECT name
 FROM sqlite_master
 WHERE type = 'table' AND NOT name = 'sqlite_sequence'
[0m
  [4;35;1mSQL (0.000175)[0m   [0mSELECT version FROM "schema_migrations"[0m
  [4;36;1mSQL (0.002193)[0m   [0;1mINSERT INTO "schema_migrations" (version) VALUES ('20080605135638')[0m
  [4;36;1mSQL (0.000483)[0m   [0;1m SELECT name
 FROM sqlite_master
 WHERE type = 'table' AND NOT name = 'sqlite_sequence'
[0m
  [4;35;1mSQL (0.000221)[0m   [0mSELECT version FROM schema_migrations[0m
Migrating to CreateBozons (20080605161332)
  [4;36;1mSQL (0.000148)[0m   [0;1mSELECT version FROM schema_migrations[0m
  [4;35;1mSQL (0.000196)[0m   [0mselect sqlite_version(*)[0m
  [4;36;1mSQL (0.000000)[0m   [0;1mSQLite3::SQLException: table "bozons" already exists: CREATE TABLE "bozons" ("id" INTEGER PRIMARY KEY AUTOINCREMENT NOT NULL, "content" text DEFAULT NULL NULL, "created_at" datetime DEFAULT NULL NULL, "updated_at" datetime DEFAULT NULL NULL) [0m
  [4;36;1mSQL (0.000257)[0m   [0;1m SELECT name
 FROM sqlite_master
 WHERE type = 'table' AND NOT name = 'sqlite_sequence'
[0m
  [4;35;1mSQL (0.000175)[0m   [0mselect sqlite_version(*)[0m
  [4;36;1mSQL (0.002536)[0m   [0;1mCREATE TABLE "schema_migrations" ("version" varchar(255) NOT NULL) [0m
  [4;35;1mSQL (0.001267)[0m   [0mCREATE UNIQUE INDEX "unique_schema_migrations" ON "schema_migrations" ("version")[0m
  [4;36;1mSQL (0.000200)[0m   [0;1m SELECT name
 FROM sqlite_master
 WHERE type = 'table' AND NOT name = 'sqlite_sequence'
[0m
  [4;35;1mSQL (0.000143)[0m   [0mSELECT version FROM schema_migrations[0m
Migrating to CreateBozons (20080605161332)
  [4;36;1mSQL (0.000084)[0m   [0;1mSELECT version FROM schema_migrations[0m
  [4;35;1mSQL (0.002664)[0m   [0mCREATE TABLE "bozons" ("id" INTEGER PRIMARY KEY AUTOINCREMENT NOT NULL, "content" text DEFAULT NULL NULL, "created_at" datetime DEFAULT NULL NULL, "updated_at" datetime DEFAULT NULL NULL) [0m
  [4;36;1mSQL (0.002549)[0m   [0;1mINSERT INTO schema_migrations (version) VALUES ('20080605161332')[0m
  [4;35;1mSQL (0.000318)[0m   [0mSELECT version FROM schema_migrations[0m
  [4;36;1mSQL (0.000341)[0m   [0;1m SELECT name
 FROM sqlite_master
 WHERE type = 'table' AND NOT name = 'sqlite_sequence'
[0m
  [4;35;1mSQL (0.000089)[0m   [0mPRAGMA index_list("bozons")[0m


Processing BozonsController#index (for 127.0.0.1 at 2008-06-05 10:15:02) [GET]
  Session ID: BAh7BiIKZmxhc2hJQzonQWN0aW9uQ29udHJvbGxlcjo6Rmxhc2g6OkZsYXNo
SGFzaHsABjoKQHVzZWR7AA==--183cf2b3424c24b2c1025d6541b5c5f79ca31dcc
  Parameters: {"action"=>"index", "controller"=>"bozons"}
  [4;36;1mBozon Load (0.000414)[0m   [0;1mSELECT * FROM "bozons" [0m
Rendering template within layouts/bozons
Rendering bozons/index
Completed in 0.00746 (134 reqs/sec) | Rendering: 0.00228 (30%) | DB: 0.00041 (5%) | 200 OK [http://localhost/bozons/]


Processing BozonsController#new (for 127.0.0.1 at 2008-06-05 10:15:04) [GET]
  Session ID: BAh7BiIKZmxhc2hJQzonQWN0aW9uQ29udHJvbGxlcjo6Rmxhc2g6OkZsYXNo
SGFzaHsABjoKQHVzZWR7AA==--183cf2b3424c24b2c1025d6541b5c5f79ca31dcc
  Parameters: {"action"=>"new", "controller"=>"bozons"}
Rendering template within layouts/bozons
Rendering bozons/new
Completed in 0.00878 (113 reqs/sec) | Rendering: 0.00337 (38%) | DB: 0.00000 (0%) | 200 OK [http://localhost/bozons/new]


Processing BozonsController#create (for 127.0.0.1 at 2008-06-05 10:15:05) [POST]
  Session ID: BAh7BzoMY3NyZl9pZCIlZDQxNGNkOTg3NTc1OTE1NjM5MTBkOWI5Zjk4MmI0
NzAiCmZsYXNoSUM6J0FjdGlvbkNvbnRyb2xsZXI6OkZsYXNoOjpGbGFzaEhh
c2h7AAY6CkB1c2VkewA=--9c63a6f00328e92c291316cf2808b792c8bd63d1
  Parameters: {"commit"=>"Create", "authenticity_token"=>"b8363925e5f35b0016610e4b75417d1435636064", "action"=>"create", "controller"=>"bozons"}
  [4;35;1mBozon Create (0.000409)[0m   [0mINSERT INTO "bozons" ("updated_at", "content", "created_at") VALUES('2008-06-05 16:15:05', NULL, '2008-06-05 16:15:05')[0m
Redirected to http://localhost:3000/bozons/1
Completed in 0.01280 (78 reqs/sec) | DB: 0.00041 (3%) | 302 Found [http://localhost/bozons]


Processing BozonsController#show (for 127.0.0.1 at 2008-06-05 10:15:05) [GET]
  Session ID: BAh7BzoMY3NyZl9pZCIlZDQxNGNkOTg3NTc1OTE1NjM5MTBkOWI5Zjk4MmI0
NzAiCmZsYXNoSUM6J0FjdGlvbkNvbnRyb2xsZXI6OkZsYXNoOjpGbGFzaEhh
c2h7BjoLbm90aWNlIiRCb3pvbiB3YXMgc3VjY2Vzc2Z1bGx5IGNyZWF0ZWQu
BjoKQHVzZWR7BjsHRg==--58548cffc70f401aa6c09658be2f14ad3446a1db
  Parameters: {"action"=>"show", "id"=>"1", "controller"=>"bozons"}
  [4;36;1mBozon Load (0.000198)[0m   [0;1mSELECT * FROM "bozons" WHERE ("bozons"."id" = 1) [0m
Rendering template within layouts/bozons
Rendering bozons/show
Completed in 0.00716 (139 reqs/sec) | Rendering: 0.00158 (22%) | DB: 0.00020 (2%) | 200 OK [http://localhost/bozons/1]


Processing BozonsController#index (for 127.0.0.1 at 2008-06-05 10:15:07) [GET]
  Session ID: BAh7BzoMY3NyZl9pZCIlZDQxNGNkOTg3NTc1OTE1NjM5MTBkOWI5Zjk4MmI0
NzAiCmZsYXNoSUM6J0FjdGlvbkNvbnRyb2xsZXI6OkZsYXNoOjpGbGFzaEhh
c2h7BjoLbm90aWNlIiRCb3pvbiB3YXMgc3VjY2Vzc2Z1bGx5IGNyZWF0ZWQu
BjoKQHVzZWR7BjsHVA==--916408f2e5150e987f8b9a1ad890f945bec327f0
  Parameters: {"action"=>"index", "controller"=>"bozons"}
  [4;35;1mBozon Load (0.000557)[0m   [0mSELECT * FROM "bozons" [0m
Rendering template within layouts/bozons
Rendering bozons/index
Completed in 0.00809 (123 reqs/sec) | Rendering: 0.00226 (27%) | DB: 0.00056 (6%) | 200 OK [http://localhost/bozons]


Processing BozonsController#show (for 127.0.0.1 at 2008-06-05 10:15:10) [GET]
  Session ID: BAh7BzoMY3NyZl9pZCIlZDQxNGNkOTg3NTc1OTE1NjM5MTBkOWI5Zjk4MmI0
NzAiCmZsYXNoSUM6J0FjdGlvbkNvbnRyb2xsZXI6OkZsYXNoOjpGbGFzaEhh
c2h7AAY6CkB1c2VkewA=--9c63a6f00328e92c291316cf2808b792c8bd63d1
  Parameters: {"action"=>"show", "id"=>"1", "controller"=>"bozons"}
  [4;36;1mBozon Load (0.000204)[0m   [0;1mSELECT * FROM "bozons" WHERE ("bozons"."id" = 1) [0m
Rendering template within layouts/bozons
Rendering bozons/show
Completed in 0.00683 (146 reqs/sec) | Rendering: 0.00086 (12%) | DB: 0.00020 (2%) | 200 OK [http://localhost/bozons/1]


Processing BozonsController#index (for 127.0.0.1 at 2008-06-05 10:15:12) [GET]
  Session ID: BAh7BzoMY3NyZl9pZCIlZDQxNGNkOTg3NTc1OTE1NjM5MTBkOWI5Zjk4MmI0
NzAiCmZsYXNoSUM6J0FjdGlvbkNvbnRyb2xsZXI6OkZsYXNoOjpGbGFzaEhh
c2h7AAY6CkB1c2VkewA=--9c63a6f00328e92c291316cf2808b792c8bd63d1
  Parameters: {"action"=>"index", "controller"=>"bozons"}
  [4;35;1mBozon Load (0.000437)[0m   [0mSELECT * FROM "bozons" [0m
Rendering template within layouts/bozons
Rendering bozons/index
Completed in 0.00715 (139 reqs/sec) | Rendering: 0.00215 (30%) | DB: 0.00044 (6%) | 200 OK [http://localhost/bozons]


Processing BozonsController#destroy (for 127.0.0.1 at 2008-06-05 10:15:15) [DELETE]
  Session ID: BAh7BzoMY3NyZl9pZCIlZDQxNGNkOTg3NTc1OTE1NjM5MTBkOWI5Zjk4MmI0
NzAiCmZsYXNoSUM6J0FjdGlvbkNvbnRyb2xsZXI6OkZsYXNoOjpGbGFzaEhh
c2h7AAY6CkB1c2VkewA=--9c63a6f00328e92c291316cf2808b792c8bd63d1
  Parameters: {"authenticity_token"=>"b8363925e5f35b0016610e4b75417d1435636064", "_method"=>"delete", "action"=>"destroy", "id"=>"1", "controller"=>"bozons"}
  [4;36;1mBozon Load (0.000207)[0m   [0;1mSELECT * FROM "bozons" WHERE ("bozons"."id" = 1) [0m
  [4;35;1mBozon Destroy (0.000264)[0m   [0m DELETE FROM "bozons"
 WHERE "id" = 1
[0m
Redirected to http://localhost:3000/bozons
Completed in 0.01023 (97 reqs/sec) | DB: 0.00047 (4%) | 302 Found [http://localhost/bozons/1]


Processing BozonsController#index (for 127.0.0.1 at 2008-06-05 10:15:15) [GET]
  Session ID: BAh7BzoMY3NyZl9pZCIlZDQxNGNkOTg3NTc1OTE1NjM5MTBkOWI5Zjk4MmI0
NzAiCmZsYXNoSUM6J0FjdGlvbkNvbnRyb2xsZXI6OkZsYXNoOjpGbGFzaEhh
c2h7AAY6CkB1c2VkewA=--9c63a6f00328e92c291316cf2808b792c8bd63d1
  Parameters: {"action"=>"index", "controller"=>"bozons"}
  [4;36;1mBozon Load (0.000380)[0m   [0;1mSELECT * FROM "bozons" [0m
Rendering template within layouts/bozons
Rendering bozons/index
Completed in 0.00552 (181 reqs/sec) | Rendering: 0.00067 (12%) | DB: 0.00038 (6%) | 200 OK [http://localhost/bozons]


Processing BozonsController#index (for 127.0.0.1 at 2008-06-05 10:18:17) [GET]
  Session ID: BAh7BzoMY3NyZl9pZCIlZDQxNGNkOTg3NTc1OTE1NjM5MTBkOWI5Zjk4MmI0
NzAiCmZsYXNoSUM6J0FjdGlvbkNvbnRyb2xsZXI6OkZsYXNoOjpGbGFzaEhh
c2h7AAY6CkB1c2VkewA=--9c63a6f00328e92c291316cf2808b792c8bd63d1
  Parameters: {"format"=>"xml", "action"=>"index", "controller"=>"bozons"}
  [4;35;1mBozon Load (0.000382)[0m   [0mSELECT * FROM "bozons" [0m
Completed in 0.00574 (174 reqs/sec) | Rendering: 0.00062 (10%) | DB: 0.00038 (6%) | 200 OK [http://localhost/bozons.xml]


Processing BozonsController#index (for 127.0.0.1 at 2008-06-05 10:18:24) [GET]
  Session ID: BAh7BzoMY3NyZl9pZCIlZDQxNGNkOTg3NTc1OTE1NjM5MTBkOWI5Zjk4MmI0
NzAiCmZsYXNoSUM6J0FjdGlvbkNvbnRyb2xsZXI6OkZsYXNoOjpGbGFzaEhh
c2h7AAY6CkB1c2VkewA=--9c63a6f00328e92c291316cf2808b792c8bd63d1
  Parameters: {"action"=>"index", "controller"=>"bozons"}
  [4;36;1mBozon Load (0.000312)[0m   [0;1mSELECT * FROM "bozons" [0m
Rendering template within layouts/bozons
Rendering bozons/index
Completed in 0.00669 (149 reqs/sec) | Rendering: 0.00082 (12%) | DB: 0.00031 (4%) | 200 OK [http://localhost/bozons]


Processing BozonsController#new (for 127.0.0.1 at 2008-06-05 10:18:26) [GET]
  Session ID: BAh7BzoMY3NyZl9pZCIlZDQxNGNkOTg3NTc1OTE1NjM5MTBkOWI5Zjk4MmI0
NzAiCmZsYXNoSUM6J0FjdGlvbkNvbnRyb2xsZXI6OkZsYXNoOjpGbGFzaEhh
c2h7AAY6CkB1c2VkewA=--9c63a6f00328e92c291316cf2808b792c8bd63d1
  Parameters: {"action"=>"new", "controller"=>"bozons"}
Rendering template within layouts/bozons
Rendering bozons/new
Completed in 0.00773 (129 reqs/sec) | Rendering: 0.00204 (26%) | DB: 0.00000 (0%) | 200 OK [http://localhost/bozons/new]


Processing BozonsController#create (for 127.0.0.1 at 2008-06-05 10:18:28) [POST]
  Session ID: BAh7BzoMY3NyZl9pZCIlZDQxNGNkOTg3NTc1OTE1NjM5MTBkOWI5Zjk4MmI0
NzAiCmZsYXNoSUM6J0FjdGlvbkNvbnRyb2xsZXI6OkZsYXNoOjpGbGFzaEhh
c2h7AAY6CkB1c2VkewA=--9c63a6f00328e92c291316cf2808b792c8bd63d1
  Parameters: {"commit"=>"Create", "authenticity_token"=>"b8363925e5f35b0016610e4b75417d1435636064", "action"=>"create", "controller"=>"bozons"}
  [4;35;1mBozon Create (0.000367)[0m   [0mINSERT INTO "bozons" ("updated_at", "content", "created_at") VALUES('2008-06-05 16:18:28', NULL, '2008-06-05 16:18:28')[0m
Redirected to http://localhost:3000/bozons/2
Completed in 0.01217 (82 reqs/sec) | DB: 0.00037 (3%) | 302 Found [http://localhost/bozons]


Processing BozonsController#show (for 127.0.0.1 at 2008-06-05 10:18:28) [GET]
  Session ID: BAh7BzoMY3NyZl9pZCIlZDQxNGNkOTg3NTc1OTE1NjM5MTBkOWI5Zjk4MmI0
NzAiCmZsYXNoSUM6J0FjdGlvbkNvbnRyb2xsZXI6OkZsYXNoOjpGbGFzaEhh
c2h7BjoLbm90aWNlIiRCb3pvbiB3YXMgc3VjY2Vzc2Z1bGx5IGNyZWF0ZWQu
BjoKQHVzZWR7BjsHRg==--58548cffc70f401aa6c09658be2f14ad3446a1db
  Parameters: {"action"=>"show", "id"=>"2", "controller"=>"bozons"}
  [4;36;1mBozon Load (0.000207)[0m   [0;1mSELECT * FROM "bozons" WHERE ("bozons"."id" = 2) [0m
Rendering template within layouts/bozons
Rendering bozons/show
Completed in 0.00669 (149 reqs/sec) | Rendering: 0.00087 (12%) | DB: 0.00021 (3%) | 200 OK [http://localhost/bozons/2]


Processing BozonsController#index (for 127.0.0.1 at 2008-06-05 10:18:31) [GET]
  Session ID: BAh7BzoMY3NyZl9pZCIlZDQxNGNkOTg3NTc1OTE1NjM5MTBkOWI5Zjk4MmI0
NzAiCmZsYXNoSUM6J0FjdGlvbkNvbnRyb2xsZXI6OkZsYXNoOjpGbGFzaEhh
c2h7BjoLbm90aWNlIiRCb3pvbiB3YXMgc3VjY2Vzc2Z1bGx5IGNyZWF0ZWQu
BjoKQHVzZWR7BjsHVA==--916408f2e5150e987f8b9a1ad890f945bec327f0
  Parameters: {"action"=>"index", "controller"=>"bozons"}
  [4;35;1mBozon Load (0.000431)[0m   [0mSELECT * FROM "bozons" [0m
Rendering template within layouts/bozons
Rendering bozons/index
Completed in 0.00734 (136 reqs/sec) | Rendering: 0.00193 (26%) | DB: 0.00043 (5%) | 200 OK [http://localhost/bozons]


Processing BozonsController#show (for 127.0.0.1 at 2008-06-05 10:18:34) [GET]
  Session ID: BAh7BzoMY3NyZl9pZCIlZDQxNGNkOTg3NTc1OTE1NjM5MTBkOWI5Zjk4MmI0
NzAiCmZsYXNoSUM6J0FjdGlvbkNvbnRyb2xsZXI6OkZsYXNoOjpGbGFzaEhh
c2h7AAY6CkB1c2VkewA=--9c63a6f00328e92c291316cf2808b792c8bd63d1
  Parameters: {"format"=>"xml", "action"=>"show", "id"=>"2", "controller"=>"bozons"}
  [4;36;1mBozon Load (0.000338)[0m   [0;1mSELECT * FROM "bozons" WHERE ("bozons"."id" = 2) [0m
Completed in 0.12617 (7 reqs/sec) | Rendering: 0.12029 (95%) | DB: 0.00034 (0%) | 200 OK [http://localhost/bozons/2.xml]


Processing BozonsController#show (for 127.0.0.1 at 2008-06-05 10:18:42) [GET]
  Session ID: BAh7BzoMY3NyZl9pZCIlZDQxNGNkOTg3NTc1OTE1NjM5MTBkOWI5Zjk4MmI0
NzAiCmZsYXNoSUM6J0FjdGlvbkNvbnRyb2xsZXI6OkZsYXNoOjpGbGFzaEhh
c2h7AAY6CkB1c2VkewA=--9c63a6f00328e92c291316cf2808b792c8bd63d1
  Parameters: {"format"=>"json", "action"=>"show", "id"=>"2", "controller"=>"bozons"}
  [4;35;1mBozon Load (0.000199)[0m   [0mSELECT * FROM "bozons" WHERE ("bozons"."id" = 2) [0m
Completed in 0.00600 (166 reqs/sec) | Rendering: 0.00042 (6%) | DB: 0.00020 (3%) | 406 Not Acceptable [http://localhost/bozons/2.json]


Processing BozonsController#show (for 127.0.0.1 at 2008-06-05 10:21:44) [GET]
  Session ID: BAh7BzoMY3NyZl9pZCIlZDQxNGNkOTg3NTc1OTE1NjM5MTBkOWI5Zjk4MmI0
NzAiCmZsYXNoSUM6J0FjdGlvbkNvbnRyb2xsZXI6OkZsYXNoOjpGbGFzaEhh
c2h7AAY6CkB1c2VkewA=--9c63a6f00328e92c291316cf2808b792c8bd63d1
  Parameters: {"format"=>"json", "action"=>"show", "id"=>"2", "controller"=>"bozons"}
  [4;36;1mBozon Load (0.000241)[0m   [0;1mSELECT * FROM "bozons" WHERE ("bozons"."id" = 2) [0m
Completed in 0.00762 (131 reqs/sec) | Rendering: 0.00113 (14%) | DB: 0.00024 (3%) | 200 OK [http://localhost/bozons/2.json]


Processing BozonsController#index (for 127.0.0.1 at 2008-06-05 10:23:32) [GET]
  Session ID: BAh7BzoMY3NyZl9pZCIlZDQxNGNkOTg3NTc1OTE1NjM5MTBkOWI5Zjk4MmI0
NzAiCmZsYXNoSUM6J0FjdGlvbkNvbnRyb2xsZXI6OkZsYXNoOjpGbGFzaEhh
c2h7AAY6CkB1c2VkewA=--9c63a6f00328e92c291316cf2808b792c8bd63d1
  Parameters: {"format"=>"json", "action"=>"index", "controller"=>"bozons"}
  [4;35;1mBozon Load (0.000414)[0m   [0mSELECT * FROM "bozons" [0m
Completed in 0.00682 (146 reqs/sec) | Rendering: 0.00168 (24%) | DB: 0.00041 (6%) | 200 OK [http://localhost/bozons.json]


Processing BozonsController#index (for 127.0.0.1 at 2008-06-05 10:24:00) [GET]
  Session ID: BAh7BzoMY3NyZl9pZCIlZDQxNGNkOTg3NTc1OTE1NjM5MTBkOWI5Zjk4MmI0
NzAiCmZsYXNoSUM6J0FjdGlvbkNvbnRyb2xsZXI6OkZsYXNoOjpGbGFzaEhh
c2h7AAY6CkB1c2VkewA=--9c63a6f00328e92c291316cf2808b792c8bd63d1
  Parameters: {"format"=>"json", "action"=>"index", "controller"=>"bozons"}
  [4;36;1mBozon Load (0.000413)[0m   [0;1mSELECT * FROM "bozons" [0m
Completed in 0.00684 (146 reqs/sec) | Rendering: 0.00194 (28%) | DB: 0.00041 (6%) | 200 OK [http://localhost/bozons.json]


Processing BozonsController#index (for 127.0.0.1 at 2008-06-05 10:24:05) [GET]
  Session ID: BAh7BzoMY3NyZl9pZCIlZDQxNGNkOTg3NTc1OTE1NjM5MTBkOWI5Zjk4MmI0
NzAiCmZsYXNoSUM6J0FjdGlvbkNvbnRyb2xsZXI6OkZsYXNoOjpGbGFzaEhh
c2h7AAY6CkB1c2VkewA=--9c63a6f00328e92c291316cf2808b792c8bd63d1
  Parameters: {"format"=>"xml", "action"=>"index", "controller"=>"bozons"}
  [4;35;1mBozon Load (0.000413)[0m   [0mSELECT * FROM "bozons" [0m
Completed in 0.00734 (136 reqs/sec) | Rendering: 0.00233 (31%) | DB: 0.00041 (5%) | 200 OK [http://localhost/bozons.xml]


Processing BozonsController#index (for 127.0.0.1 at 2008-06-05 10:24:27) [GET]
  Session ID: BAh7BzoMY3NyZl9pZCIlZDQxNGNkOTg3NTc1OTE1NjM5MTBkOWI5Zjk4MmI0
NzAiCmZsYXNoSUM6J0FjdGlvbkNvbnRyb2xsZXI6OkZsYXNoOjpGbGFzaEhh
c2h7AAY6CkB1c2VkewA=--9c63a6f00328e92c291316cf2808b792c8bd63d1
  Parameters: {"action"=>"index", "controller"=>"bozons"}
  [4;36;1mBozon Load (0.000415)[0m   [0;1mSELECT * FROM "bozons" [0m
Rendering template within layouts/bozons
Rendering bozons/index
Completed in 0.00811 (123 reqs/sec) | Rendering: 0.00261 (32%) | DB: 0.00042 (5%) | 200 OK [http://localhost/bozons/]


Processing BozonsController#index (for 127.0.0.1 at 2008-06-05 11:15:41) [GET]
  Session ID: BAh7BzoMY3NyZl9pZCIlZDQxNGNkOTg3NTc1OTE1NjM5MTBkOWI5Zjk4MmI0
NzAiCmZsYXNoSUM6J0FjdGlvbkNvbnRyb2xsZXI6OkZsYXNoOjpGbGFzaEhh
c2h7AAY6CkB1c2VkewA=--9c63a6f00328e92c291316cf2808b792c8bd63d1
  Parameters: {"format"=>"xml", "action"=>"index", "controller"=>"bozons"}
  [4;35;1mBozon Load (0.000458)[0m   [0mSELECT * FROM "bozons" [0m
Completed in 0.07931 (12 reqs/sec) | Rendering: 0.00245 (3%) | DB: 0.00046 (0%) | 200 OK [http://localhost/bozons.xml]


Processing BozonsController#show (for 127.0.0.1 at 2008-06-05 11:16:06) [GET]
  Session ID: BAh7BzoMY3NyZl9pZCIlZDQxNGNkOTg3NTc1OTE1NjM5MTBkOWI5Zjk4MmI0
NzAiCmZsYXNoSUM6J0FjdGlvbkNvbnRyb2xsZXI6OkZsYXNoOjpGbGFzaEhh
c2h7AAY6CkB1c2VkewA=--9c63a6f00328e92c291316cf2808b792c8bd63d1
  Parameters: {"format"=>"xml", "action"=>"show", "id"=>"2", "controller"=>"bozons"}
  [4;36;1mBozon Load (0.000202)[0m   [0;1mSELECT * FROM "bozons" WHERE ("bozons"."id" = 2) [0m
Completed in 0.00735 (136 reqs/sec) | Rendering: 0.00156 (21%) | DB: 0.00020 (2%) | 200 OK [http://localhost/bozons/2.xml]


Processing BozonsController#show (for 127.0.0.1 at 2008-06-05 11:16:10) [GET]
  Session ID: BAh7BzoMY3NyZl9pZCIlZDQxNGNkOTg3NTc1OTE1NjM5MTBkOWI5Zjk4MmI0
NzAiCmZsYXNoSUM6J0FjdGlvbkNvbnRyb2xsZXI6OkZsYXNoOjpGbGFzaEhh
c2h7AAY6CkB1c2VkewA=--9c63a6f00328e92c291316cf2808b792c8bd63d1
  Parameters: {"format"=>"json", "action"=>"show", "id"=>"2", "controller"=>"bozons"}
  [4;35;1mBozon Load (0.000250)[0m   [0mSELECT * FROM "bozons" WHERE ("bozons"."id" = 2) [0m
Completed in 0.00751 (133 reqs/sec) | Rendering: 0.00148 (19%) | DB: 0.00025 (3%) | 200 OK [http://localhost/bozons/2.json]
  [4;36;1mSQL (0.000489)[0m   [0;1m SELECT name
 FROM sqlite_master
 WHERE type = 'table' AND NOT name = 'sqlite_sequence'
[0m
  [4;35;1mSQL (0.000109)[0m   [0mSELECT version FROM schema_migrations[0m
  [4;36;1mSQL (0.000108)[0m   [0;1mselect sqlite_version(*)[0m
  [4;35;1mSQL (0.000118)[0m   [0mSELECT version FROM schema_migrations[0m
  [4;36;1mSQL (0.000141)[0m   [0;1m SELECT name
 FROM sqlite_master
 WHERE type = 'table' AND NOT name = 'sqlite_sequence'
[0m
  [4;35;1mSQL (0.000036)[0m   [0mPRAGMA index_list("bozons")[0m
  [4;36;1mSQL (0.000144)[0m   [0;1mselect sqlite_version(*)[0m
  [4;35;1mSQL (0.000177)[0m   [0m SELECT name
 FROM sqlite_master
 WHERE type = 'table' AND NOT name = 'sqlite_sequence'
[0m
  [4;36;1mSQL (0.001142)[0m   [0;1mCREATE TABLE "bozons" ("id" INTEGER PRIMARY KEY AUTOINCREMENT NOT NULL, "content" text DEFAULT NULL NULL, "created_at" datetime DEFAULT NULL NULL, "updated_at" datetime DEFAULT NULL NULL) [0m
  [4;35;1mSQL (0.000129)[0m   [0m SELECT name
 FROM sqlite_master
 WHERE type = 'table' AND NOT name = 'sqlite_sequence'
[0m
  [4;36;1mSQL (0.000820)[0m   [0;1mCREATE TABLE "schema_migrations" ("version" varchar(255) NOT NULL) [0m
  [4;35;1mSQL (0.000899)[0m   [0mCREATE UNIQUE INDEX "unique_schema_migrations" ON "schema_migrations" ("version")[0m
  [4;36;1mSQL (0.000145)[0m   [0;1m SELECT name
 FROM sqlite_master
 WHERE type = 'table' AND NOT name = 'sqlite_sequence'
[0m
  [4;35;1mSQL (0.000068)[0m   [0mSELECT version FROM "schema_migrations"[0m
  [4;36;1mSQL (0.000836)[0m   [0;1mINSERT INTO "schema_migrations" (version) VALUES ('20080605161332')[0m
  [4;36;1mSQL (0.000484)[0m   [0;1m SELECT name
 FROM sqlite_master
 WHERE type = 'table' AND NOT name = 'sqlite_sequence'
[0m
  [4;35;1mSQL (0.000109)[0m   [0mSELECT version FROM schema_migrations[0m
  [4;36;1mSQL (0.000105)[0m   [0;1mselect sqlite_version(*)[0m
  [4;35;1mSQL (0.000161)[0m   [0mSELECT version FROM schema_migrations[0m
  [4;36;1mSQL (0.000147)[0m   [0;1m SELECT name
 FROM sqlite_master
 WHERE type = 'table' AND NOT name = 'sqlite_sequence'
[0m
  [4;35;1mSQL (0.000036)[0m   [0mPRAGMA index_list("bozons")[0m
  [4;36;1mSQL (0.000133)[0m   [0;1mselect sqlite_version(*)[0m
  [4;35;1mSQL (0.000159)[0m   [0m SELECT name
 FROM sqlite_master
 WHERE type = 'table' AND NOT name = 'sqlite_sequence'
[0m
  [4;36;1mSQL (0.001224)[0m   [0;1mCREATE TABLE "bozons" ("id" INTEGER PRIMARY KEY AUTOINCREMENT NOT NULL, "content" text DEFAULT NULL NULL, "created_at" datetime DEFAULT NULL NULL, "updated_at" datetime DEFAULT NULL NULL) [0m
  [4;35;1mSQL (0.000128)[0m   [0m SELECT name
 FROM sqlite_master
 WHERE type = 'table' AND NOT name = 'sqlite_sequence'
[0m
  [4;36;1mSQL (0.000915)[0m   [0;1mCREATE TABLE "schema_migrations" ("version" varchar(255) NOT NULL) [0m
  [4;35;1mSQL (0.000901)[0m   [0mCREATE UNIQUE INDEX "unique_schema_migrations" ON "schema_migrations" ("version")[0m
  [4;36;1mSQL (0.000147)[0m   [0;1m SELECT name
 FROM sqlite_master
 WHERE type = 'table' AND NOT name = 'sqlite_sequence'
[0m
  [4;35;1mSQL (0.000068)[0m   [0mSELECT version FROM "schema_migrations"[0m
  [4;36;1mSQL (0.008726)[0m   [0;1mINSERT INTO "schema_migrations" (version) VALUES ('20080605161332')[0m
  [4;36;1mSQL (0.000450)[0m   [0;1m SELECT name
 FROM sqlite_master
 WHERE type = 'table' AND NOT name = 'sqlite_sequence'
[0m
  [4;35;1mSQL (0.000117)[0m   [0mSELECT version FROM schema_migrations[0m
  [4;36;1mSQL (0.000113)[0m   [0;1mselect sqlite_version(*)[0m
  [4;35;1mSQL (0.000122)[0m   [0mSELECT version FROM schema_migrations[0m
  [4;36;1mSQL (0.000152)[0m   [0;1m SELECT name
 FROM sqlite_master
 WHERE type = 'table' AND NOT name = 'sqlite_sequence'
[0m
  [4;35;1mSQL (0.000036)[0m   [0mPRAGMA index_list("bozons")[0m
  [4;36;1mSQL (0.000178)[0m   [0;1mselect sqlite_version(*)[0m
  [4;35;1mSQL (0.000168)[0m   [0m SELECT name
 FROM sqlite_master
 WHERE type = 'table' AND NOT name = 'sqlite_sequence'
[0m
  [4;36;1mSQL (0.001244)[0m   [0;1mCREATE TABLE "bozons" ("id" INTEGER PRIMARY KEY AUTOINCREMENT NOT NULL, "content" text DEFAULT NULL NULL, "created_at" datetime DEFAULT NULL NULL, "updated_at" datetime DEFAULT NULL NULL) [0m
  [4;35;1mSQL (0.000334)[0m   [0m SELECT name
 FROM sqlite_master
 WHERE type = 'table' AND NOT name = 'sqlite_sequence'
[0m
  [4;36;1mSQL (0.001053)[0m   [0;1mCREATE TABLE "schema_migrations" ("version" varchar(255) NOT NULL) [0m
  [4;35;1mSQL (0.000898)[0m   [0mCREATE UNIQUE INDEX "unique_schema_migrations" ON "schema_migrations" ("version")[0m
  [4;36;1mSQL (0.000153)[0m   [0;1m SELECT name
 FROM sqlite_master
 WHERE type = 'table' AND NOT name = 'sqlite_sequence'
[0m
  [4;35;1mSQL (0.000075)[0m   [0mSELECT version FROM "schema_migrations"[0m
  [4;36;1mSQL (0.000924)[0m   [0;1mINSERT INTO "schema_migrations" (version) VALUES ('20080605161332')[0m
  [4;36;1mSQL (0.000574)[0m   [0;1m SELECT name
 FROM sqlite_master
 WHERE type = 'table' AND NOT name = 'sqlite_sequence'
[0m
  [4;35;1mSQL (0.000115)[0m   [0mSELECT version FROM schema_migrations[0m
  [4;36;1mSQL (0.000127)[0m   [0;1mselect sqlite_version(*)[0m
  [4;35;1mSQL (0.000121)[0m   [0mSELECT version FROM schema_migrations[0m
  [4;36;1mSQL (0.000142)[0m   [0;1m SELECT name
 FROM sqlite_master
 WHERE type = 'table' AND NOT name = 'sqlite_sequence'
[0m
  [4;35;1mSQL (0.000036)[0m   [0mPRAGMA index_list("bozons")[0m
  [4;36;1mSQL (0.000157)[0m   [0;1mselect sqlite_version(*)[0m
  [4;35;1mSQL (0.000179)[0m   [0m SELECT name
 FROM sqlite_master
 WHERE type = 'table' AND NOT name = 'sqlite_sequence'
[0m
  [4;36;1mSQL (0.001586)[0m   [0;1mCREATE TABLE "bozons" ("id" INTEGER PRIMARY KEY AUTOINCREMENT NOT NULL, "content" text DEFAULT NULL NULL, "created_at" datetime DEFAULT NULL NULL, "updated_at" datetime DEFAULT NULL NULL) [0m
  [4;35;1mSQL (0.000279)[0m   [0m SELECT name
 FROM sqlite_master
 WHERE type = 'table' AND NOT name = 'sqlite_sequence'
[0m
  [4;36;1mSQL (0.001051)[0m   [0;1mCREATE TABLE "schema_migrations" ("version" varchar(255) NOT NULL) [0m
  [4;35;1mSQL (0.001017)[0m   [0mCREATE UNIQUE INDEX "unique_schema_migrations" ON "schema_migrations" ("version")[0m
  [4;36;1mSQL (0.000232)[0m   [0;1m SELECT name
 FROM sqlite_master
 WHERE type = 'table' AND NOT name = 'sqlite_sequence'
[0m
  [4;35;1mSQL (0.000071)[0m   [0mSELECT version FROM "schema_migrations"[0m
  [4;36;1mSQL (0.000907)[0m   [0;1mINSERT INTO "schema_migrations" (version) VALUES ('20080605161332')[0m
  [4;36;1mSQL (0.000413)[0m   [0;1m SELECT name
 FROM sqlite_master
 WHERE type = 'table' AND NOT name = 'sqlite_sequence'
[0m
  [4;35;1mSQL (0.000108)[0m   [0mSELECT version FROM schema_migrations[0m
  [4;36;1mSQL (0.000137)[0m   [0;1mselect sqlite_version(*)[0m
  [4;35;1mSQL (0.000119)[0m   [0mSELECT version FROM schema_migrations[0m
  [4;36;1mSQL (0.000141)[0m   [0;1m SELECT name
 FROM sqlite_master
 WHERE type = 'table' AND NOT name = 'sqlite_sequence'
[0m
  [4;35;1mSQL (0.000036)[0m   [0mPRAGMA index_list("bozons")[0m
  [4;36;1mSQL (0.000211)[0m   [0;1mselect sqlite_version(*)[0m
  [4;35;1mSQL (0.000232)[0m   [0m SELECT name
 FROM sqlite_master
 WHERE type = 'table' AND NOT name = 'sqlite_sequence'
[0m
  [4;36;1mSQL (0.216621)[0m   [0;1mCREATE TABLE "bozons" ("id" INTEGER PRIMARY KEY AUTOINCREMENT NOT NULL, "content" text DEFAULT NULL NULL, "created_at" datetime DEFAULT NULL NULL, "updated_at" datetime DEFAULT NULL NULL) [0m
  [4;35;1mSQL (0.000236)[0m   [0m SELECT name
 FROM sqlite_master
 WHERE type = 'table' AND NOT name = 'sqlite_sequence'
[0m
  [4;36;1mSQL (0.000912)[0m   [0;1mCREATE TABLE "schema_migrations" ("version" varchar(255) NOT NULL) [0m
  [4;35;1mSQL (0.001049)[0m   [0mCREATE UNIQUE INDEX "unique_schema_migrations" ON "schema_migrations" ("version")[0m
  [4;36;1mSQL (0.000230)[0m   [0;1m SELECT name
 FROM sqlite_master
 WHERE type = 'table' AND NOT name = 'sqlite_sequence'
[0m
  [4;35;1mSQL (0.000089)[0m   [0mSELECT version FROM "schema_migrations"[0m
  [4;36;1mSQL (0.001003)[0m   [0;1mINSERT INTO "schema_migrations" (version) VALUES ('20080605161332')[0m
  [4;36;1mSQL (0.000540)[0m   [0;1m SELECT name
 FROM sqlite_master
 WHERE type = 'table' AND NOT name = 'sqlite_sequence'
[0m
  [4;35;1mSQL (0.000111)[0m   [0mSELECT version FROM schema_migrations[0m
  [4;36;1mSQL (0.000130)[0m   [0;1mselect sqlite_version(*)[0m
  [4;35;1mSQL (0.000124)[0m   [0mSELECT version FROM schema_migrations[0m
  [4;36;1mSQL (0.000142)[0m   [0;1m SELECT name
 FROM sqlite_master
 WHERE type = 'table' AND NOT name = 'sqlite_sequence'
[0m
  [4;35;1mSQL (0.000075)[0m   [0mPRAGMA index_list("bozons")[0m
  [4;36;1mSQL (0.000160)[0m   [0;1mselect sqlite_version(*)[0m
  [4;35;1mSQL (0.000165)[0m   [0m SELECT name
 FROM sqlite_master
 WHERE type = 'table' AND NOT name = 'sqlite_sequence'
[0m
  [4;36;1mSQL (0.001386)[0m   [0;1mCREATE TABLE "bozons" ("id" INTEGER PRIMARY KEY AUTOINCREMENT NOT NULL, "content" text DEFAULT NULL NULL, "created_at" datetime DEFAULT NULL NULL, "updated_at" datetime DEFAULT NULL NULL) [0m
  [4;35;1mSQL (0.000237)[0m   [0m SELECT name
 FROM sqlite_master
 WHERE type = 'table' AND NOT name = 'sqlite_sequence'
[0m
  [4;36;1mSQL (0.001001)[0m   [0;1mCREATE TABLE "schema_migrations" ("version" varchar(255) NOT NULL) [0m
  [4;35;1mSQL (0.001061)[0m   [0mCREATE UNIQUE INDEX "unique_schema_migrations" ON "schema_migrations" ("version")[0m
  [4;36;1mSQL (0.000236)[0m   [0;1m SELECT name
 FROM sqlite_master
 WHERE type = 'table' AND NOT name = 'sqlite_sequence'
[0m
  [4;35;1mSQL (0.000068)[0m   [0mSELECT version FROM "schema_migrations"[0m
  [4;36;1mSQL (0.001041)[0m   [0;1mINSERT INTO "schema_migrations" (version) VALUES ('20080605161332')[0m
  [4;36;1mSQL (0.000412)[0m   [0;1m SELECT name
 FROM sqlite_master
 WHERE type = 'table' AND NOT name = 'sqlite_sequence'
[0m
  [4;35;1mSQL (0.000108)[0m   [0mSELECT version FROM schema_migrations[0m
  [4;36;1mSQL (0.000197)[0m   [0;1mselect sqlite_version(*)[0m
  [4;35;1mSQL (0.000146)[0m   [0mSELECT version FROM schema_migrations[0m
  [4;36;1mSQL (0.000146)[0m   [0;1m SELECT name
 FROM sqlite_master
 WHERE type = 'table' AND NOT name = 'sqlite_sequence'
[0m
  [4;35;1mSQL (0.000036)[0m   [0mPRAGMA index_list("bozons")[0m
  [4;36;1mSQL (0.000167)[0m   [0;1mselect sqlite_version(*)[0m
  [4;35;1mSQL (0.000335)[0m   [0m SELECT name
 FROM sqlite_master
 WHERE type = 'table' AND NOT name = 'sqlite_sequence'
[0m
  [4;36;1mSQL (0.124520)[0m   [0;1mCREATE TABLE "bozons" ("id" INTEGER PRIMARY KEY AUTOINCREMENT NOT NULL, "content" text DEFAULT NULL NULL, "created_at" datetime DEFAULT NULL NULL, "updated_at" datetime DEFAULT NULL NULL) [0m
  [4;35;1mSQL (0.000276)[0m   [0m SELECT name
 FROM sqlite_master
 WHERE type = 'table' AND NOT name = 'sqlite_sequence'
[0m
  [4;36;1mSQL (0.001274)[0m   [0;1mCREATE TABLE "schema_migrations" ("version" varchar(255) NOT NULL) [0m
  [4;35;1mSQL (0.001346)[0m   [0mCREATE UNIQUE INDEX "unique_schema_migrations" ON "schema_migrations" ("version")[0m
  [4;36;1mSQL (0.000364)[0m   [0;1m SELECT name
 FROM sqlite_master
 WHERE type = 'table' AND NOT name = 'sqlite_sequence'
[0m
  [4;35;1mSQL (0.000104)[0m   [0mSELECT version FROM "schema_migrations"[0m
  [4;36;1mSQL (0.001212)[0m   [0;1mINSERT INTO "schema_migrations" (version) VALUES ('20080605161332')[0m
  [4;36;1mSQL (0.000423)[0m   [0;1m SELECT name
 FROM sqlite_master
 WHERE type = 'table' AND NOT name = 'sqlite_sequence'
[0m
  [4;35;1mSQL (0.000110)[0m   [0mSELECT version FROM schema_migrations[0m
  [4;36;1mSQL (0.000107)[0m   [0;1mselect sqlite_version(*)[0m
  [4;35;1mSQL (0.000119)[0m   [0mSELECT version FROM schema_migrations[0m
  [4;36;1mSQL (0.000141)[0m   [0;1m SELECT name
 FROM sqlite_master
 WHERE type = 'table' AND NOT name = 'sqlite_sequence'
[0m
  [4;35;1mSQL (0.000036)[0m   [0mPRAGMA index_list("bozons")[0m
  [4;36;1mSQL (0.000129)[0m   [0;1mselect sqlite_version(*)[0m
  [4;35;1mSQL (0.000280)[0m   [0m SELECT name
 FROM sqlite_master
 WHERE type = 'table' AND NOT name = 'sqlite_sequence'
[0m
  [4;36;1mSQL (0.001254)[0m   [0;1mCREATE TABLE "bozons" ("id" INTEGER PRIMARY KEY AUTOINCREMENT NOT NULL, "content" text DEFAULT NULL NULL, "created_at" datetime DEFAULT NULL NULL, "updated_at" datetime DEFAULT NULL NULL) [0m
  [4;35;1mSQL (0.000224)[0m   [0m SELECT name
 FROM sqlite_master
 WHERE type = 'table' AND NOT name = 'sqlite_sequence'
[0m
  [4;36;1mSQL (0.000927)[0m   [0;1mCREATE TABLE "schema_migrations" ("version" varchar(255) NOT NULL) [0m
  [4;35;1mSQL (0.001060)[0m   [0mCREATE UNIQUE INDEX "unique_schema_migrations" ON "schema_migrations" ("version")[0m
  [4;36;1mSQL (0.000225)[0m   [0;1m SELECT name
 FROM sqlite_master
 WHERE type = 'table' AND NOT name = 'sqlite_sequence'
[0m
  [4;35;1mSQL (0.000070)[0m   [0mSELECT version FROM "schema_migrations"[0m
  [4;36;1mSQL (0.001007)[0m   [0;1mINSERT INTO "schema_migrations" (version) VALUES ('20080605161332')[0m
  [4;36;1mSQL (0.000414)[0m   [0;1m SELECT name
 FROM sqlite_master
 WHERE type = 'table' AND NOT name = 'sqlite_sequence'
[0m
  [4;35;1mSQL (0.000108)[0m   [0mSELECT version FROM schema_migrations[0m
  [4;36;1mSQL (0.000115)[0m   [0;1mselect sqlite_version(*)[0m
  [4;35;1mSQL (0.000122)[0m   [0mSELECT version FROM schema_migrations[0m
  [4;36;1mSQL (0.000142)[0m   [0;1m SELECT name
 FROM sqlite_master
 WHERE type = 'table' AND NOT name = 'sqlite_sequence'
[0m
  [4;35;1mSQL (0.000035)[0m   [0mPRAGMA index_list("bozons")[0m
  [4;36;1mSQL (0.000186)[0m   [0;1mselect sqlite_version(*)[0m
  [4;35;1mSQL (0.000189)[0m   [0m SELECT name
 FROM sqlite_master
 WHERE type = 'table' AND NOT name = 'sqlite_sequence'
[0m
  [4;36;1mSQL (0.001547)[0m   [0;1mCREATE TABLE "bozons" ("id" INTEGER PRIMARY KEY AUTOINCREMENT NOT NULL, "content" text DEFAULT NULL NULL, "created_at" datetime DEFAULT NULL NULL, "updated_at" datetime DEFAULT NULL NULL) [0m
  [4;35;1mSQL (0.000186)[0m   [0m SELECT name
 FROM sqlite_master
 WHERE type = 'table' AND NOT name = 'sqlite_sequence'
[0m
  [4;36;1mSQL (0.000886)[0m   [0;1mCREATE TABLE "schema_migrations" ("version" varchar(255) NOT NULL) [0m
  [4;35;1mSQL (0.000898)[0m   [0mCREATE UNIQUE INDEX "unique_schema_migrations" ON "schema_migrations" ("version")[0m
  [4;36;1mSQL (0.000147)[0m   [0;1m SELECT name
 FROM sqlite_master
 WHERE type = 'table' AND NOT name = 'sqlite_sequence'
[0m
  [4;35;1mSQL (0.000069)[0m   [0mSELECT version FROM "schema_migrations"[0m
  [4;36;1mSQL (0.000863)[0m   [0;1mINSERT INTO "schema_migrations" (version) VALUES ('20080605161332')[0m
  [4;36;1mSQL (0.000414)[0m   [0;1m SELECT name
 FROM sqlite_master
 WHERE type = 'table' AND NOT name = 'sqlite_sequence'
[0m
  [4;35;1mSQL (0.000109)[0m   [0mSELECT version FROM schema_migrations[0m
  [4;36;1mSQL (0.000106)[0m   [0;1mselect sqlite_version(*)[0m
  [4;35;1mSQL (0.000117)[0m   [0mSELECT version FROM schema_migrations[0m
  [4;36;1mSQL (0.000142)[0m   [0;1m SELECT name
 FROM sqlite_master
 WHERE type = 'table' AND NOT name = 'sqlite_sequence'
[0m
  [4;35;1mSQL (0.000036)[0m   [0mPRAGMA index_list("bozons")[0m
  [4;36;1mSQL (0.000247)[0m   [0;1mselect sqlite_version(*)[0m
  [4;35;1mSQL (0.000213)[0m   [0m SELECT name
 FROM sqlite_master
 WHERE type = 'table' AND NOT name = 'sqlite_sequence'
[0m
  [4;36;1mSQL (0.001264)[0m   [0;1mCREATE TABLE "bozons" ("id" INTEGER PRIMARY KEY AUTOINCREMENT NOT NULL, "content" text DEFAULT NULL NULL, "created_at" datetime DEFAULT NULL NULL, "updated_at" datetime DEFAULT NULL NULL) [0m
  [4;35;1mSQL (0.000144)[0m   [0m SELECT name
 FROM sqlite_master
 WHERE type = 'table' AND NOT name = 'sqlite_sequence'
[0m
  [4;36;1mSQL (0.000856)[0m   [0;1mCREATE TABLE "schema_migrations" ("version" varchar(255) NOT NULL) [0m
  [4;35;1mSQL (0.000919)[0m   [0mCREATE UNIQUE INDEX "unique_schema_migrations" ON "schema_migrations" ("version")[0m
  [4;36;1mSQL (0.000161)[0m   [0;1m SELECT name
 FROM sqlite_master
 WHERE type = 'table' AND NOT name = 'sqlite_sequence'
[0m
  [4;35;1mSQL (0.000071)[0m   [0mSELECT version FROM "schema_migrations"[0m
  [4;36;1mSQL (0.000849)[0m   [0;1mINSERT INTO "schema_migrations" (version) VALUES ('20080605161332')[0m
  [4;36;1mSQL (0.000410)[0m   [0;1m SELECT name
 FROM sqlite_master
 WHERE type = 'table' AND NOT name = 'sqlite_sequence'
[0m
  [4;35;1mSQL (0.000108)[0m   [0mSELECT version FROM schema_migrations[0m
  [4;36;1mSQL (0.000107)[0m   [0;1mselect sqlite_version(*)[0m
  [4;35;1mSQL (0.000118)[0m   [0mSELECT version FROM schema_migrations[0m
  [4;36;1mSQL (0.000140)[0m   [0;1m SELECT name
 FROM sqlite_master
 WHERE type = 'table' AND NOT name = 'sqlite_sequence'
[0m
  [4;35;1mSQL (0.000036)[0m   [0mPRAGMA index_list("bozons")[0m
  [4;36;1mSQL (0.000120)[0m   [0;1mselect sqlite_version(*)[0m
  [4;35;1mSQL (0.000192)[0m   [0m SELECT name
 FROM sqlite_master
 WHERE type = 'table' AND NOT name = 'sqlite_sequence'
[0m
  [4;36;1mSQL (0.001110)[0m   [0;1mCREATE TABLE "bozons" ("id" INTEGER PRIMARY KEY AUTOINCREMENT NOT NULL, "content" text DEFAULT NULL NULL, "created_at" datetime DEFAULT NULL NULL, "updated_at" datetime DEFAULT NULL NULL) [0m
  [4;35;1mSQL (0.000127)[0m   [0m SELECT name
 FROM sqlite_master
 WHERE type = 'table' AND NOT name = 'sqlite_sequence'
[0m
  [4;36;1mSQL (0.000874)[0m   [0;1mCREATE TABLE "schema_migrations" ("version" varchar(255) NOT NULL) [0m
  [4;35;1mSQL (0.000879)[0m   [0mCREATE UNIQUE INDEX "unique_schema_migrations" ON "schema_migrations" ("version")[0m
  [4;36;1mSQL (0.000149)[0m   [0;1m SELECT name
 FROM sqlite_master
 WHERE type = 'table' AND NOT name = 'sqlite_sequence'
[0m
  [4;35;1mSQL (0.000085)[0m   [0mSELECT version FROM "schema_migrations"[0m
  [4;36;1mSQL (0.000821)[0m   [0;1mINSERT INTO "schema_migrations" (version) VALUES ('20080605161332')[0m
  [4;36;1mSQL (0.000415)[0m   [0;1m SELECT name
 FROM sqlite_master
 WHERE type = 'table' AND NOT name = 'sqlite_sequence'
[0m
  [4;35;1mSQL (0.000108)[0m   [0mSELECT version FROM schema_migrations[0m
  [4;36;1mSQL (0.000105)[0m   [0;1mselect sqlite_version(*)[0m
  [4;35;1mSQL (0.000117)[0m   [0mSELECT version FROM schema_migrations[0m
  [4;36;1mSQL (0.000140)[0m   [0;1m SELECT name
 FROM sqlite_master
 WHERE type = 'table' AND NOT name = 'sqlite_sequence'
[0m
  [4;35;1mSQL (0.000037)[0m   [0mPRAGMA index_list("bozons")[0m
  [4;36;1mSQL (0.000152)[0m   [0;1mselect sqlite_version(*)[0m
  [4;35;1mSQL (0.000165)[0m   [0m SELECT name
 FROM sqlite_master
 WHERE type = 'table' AND NOT name = 'sqlite_sequence'
[0m
  [4;36;1mSQL (0.001235)[0m   [0;1mCREATE TABLE "bozons" ("id" INTEGER PRIMARY KEY AUTOINCREMENT NOT NULL, "content" text DEFAULT NULL NULL, "created_at" datetime DEFAULT NULL NULL, "updated_at" datetime DEFAULT NULL NULL) [0m
  [4;35;1mSQL (0.000129)[0m   [0m SELECT name
 FROM sqlite_master
 WHERE type = 'table' AND NOT name = 'sqlite_sequence'
[0m
  [4;36;1mSQL (0.000917)[0m   [0;1mCREATE TABLE "schema_migrations" ("version" varchar(255) NOT NULL) [0m
  [4;35;1mSQL (0.000942)[0m   [0mCREATE UNIQUE INDEX "unique_schema_migrations" ON "schema_migrations" ("version")[0m
  [4;36;1mSQL (0.000147)[0m   [0;1m SELECT name
 FROM sqlite_master
 WHERE type = 'table' AND NOT name = 'sqlite_sequence'
[0m
  [4;35;1mSQL (0.000067)[0m   [0mSELECT version FROM "schema_migrations"[0m
  [4;36;1mSQL (0.000907)[0m   [0;1mINSERT INTO "schema_migrations" (version) VALUES ('20080605161332')[0m
  [4;36;1mSQL (0.000455)[0m   [0;1m SELECT name
 FROM sqlite_master
 WHERE type = 'table' AND NOT name = 'sqlite_sequence'
[0m
  [4;35;1mSQL (0.000117)[0m   [0mSELECT version FROM schema_migrations[0m
  [4;36;1mSQL (0.000148)[0m   [0;1mselect sqlite_version(*)[0m
  [4;35;1mSQL (0.000142)[0m   [0mSELECT version FROM schema_migrations[0m
  [4;36;1mSQL (0.000151)[0m   [0;1m SELECT name
 FROM sqlite_master
 WHERE type = 'table' AND NOT name = 'sqlite_sequence'
[0m
  [4;35;1mSQL (0.000043)[0m   [0mPRAGMA index_list("bozons")[0m
  [4;36;1mSQL (0.000172)[0m   [0;1mselect sqlite_version(*)[0m
  [4;35;1mSQL (0.000185)[0m   [0m SELECT name
 FROM sqlite_master
 WHERE type = 'table' AND NOT name = 'sqlite_sequence'
[0m
  [4;36;1mSQL (0.001433)[0m   [0;1mCREATE TABLE "bozons" ("id" INTEGER PRIMARY KEY AUTOINCREMENT NOT NULL, "content" text DEFAULT NULL NULL, "created_at" datetime DEFAULT NULL NULL, "updated_at" datetime DEFAULT NULL NULL) [0m
  [4;35;1mSQL (0.000263)[0m   [0m SELECT name
 FROM sqlite_master
 WHERE type = 'table' AND NOT name = 'sqlite_sequence'
[0m
  [4;36;1mSQL (0.000970)[0m   [0;1mCREATE TABLE "schema_migrations" ("version" varchar(255) NOT NULL) [0m
  [4;35;1mSQL (0.001073)[0m   [0mCREATE UNIQUE INDEX "unique_schema_migrations" ON "schema_migrations" ("version")[0m
  [4;36;1mSQL (0.000232)[0m   [0;1m SELECT name
 FROM sqlite_master
 WHERE type = 'table' AND NOT name = 'sqlite_sequence'
[0m
  [4;35;1mSQL (0.000069)[0m   [0mSELECT version FROM "schema_migrations"[0m
  [4;36;1mSQL (0.000960)[0m   [0;1mINSERT INTO "schema_migrations" (version) VALUES ('20080605161332')[0m
  [4;36;1mSQL (0.000456)[0m   [0;1m SELECT name
 FROM sqlite_master
 WHERE type = 'table' AND NOT name = 'sqlite_sequence'
[0m
  [4;35;1mSQL (0.000111)[0m   [0mSELECT version FROM schema_migrations[0m
  [4;36;1mSQL (0.000163)[0m   [0;1mselect sqlite_version(*)[0m
  [4;35;1mSQL (0.000138)[0m   [0mSELECT version FROM schema_migrations[0m
  [4;36;1mSQL (0.000146)[0m   [0;1m SELECT name
 FROM sqlite_master
 WHERE type = 'table' AND NOT name = 'sqlite_sequence'
[0m
  [4;35;1mSQL (0.000036)[0m   [0mPRAGMA index_list("bozons")[0m
  [4;36;1mSQL (0.000159)[0m   [0;1mselect sqlite_version(*)[0m
  [4;35;1mSQL (0.000170)[0m   [0m SELECT name
 FROM sqlite_master
 WHERE type = 'table' AND NOT name = 'sqlite_sequence'
[0m
  [4;36;1mSQL (0.001333)[0m   [0;1mCREATE TABLE "bozons" ("id" INTEGER PRIMARY KEY AUTOINCREMENT NOT NULL, "content" text DEFAULT NULL NULL, "created_at" datetime DEFAULT NULL NULL, "updated_at" datetime DEFAULT NULL NULL) [0m
  [4;35;1mSQL (0.000137)[0m   [0m SELECT name
 FROM sqlite_master
 WHERE type = 'table' AND NOT name = 'sqlite_sequence'
[0m
  [4;36;1mSQL (0.000833)[0m   [0;1mCREATE TABLE "schema_migrations" ("version" varchar(255) NOT NULL) [0m
  [4;35;1mSQL (0.000850)[0m   [0mCREATE UNIQUE INDEX "unique_schema_migrations" ON "schema_migrations" ("version")[0m
  [4;36;1mSQL (0.000151)[0m   [0;1m SELECT name
 FROM sqlite_master
 WHERE type = 'table' AND NOT name = 'sqlite_sequence'
[0m
  [4;35;1mSQL (0.000070)[0m   [0mSELECT version FROM "schema_migrations"[0m
  [4;36;1mSQL (0.001206)[0m   [0;1mINSERT INTO "schema_migrations" (version) VALUES ('20080605161332')[0m
  [4;36;1mSQL (0.000453)[0m   [0;1m SELECT name
 FROM sqlite_master
 WHERE type = 'table' AND NOT name = 'sqlite_sequence'
[0m
  [4;35;1mSQL (0.000111)[0m   [0mSELECT version FROM schema_migrations[0m
  [4;36;1mSQL (0.000108)[0m   [0;1mselect sqlite_version(*)[0m
  [4;35;1mSQL (0.000117)[0m   [0mSELECT version FROM schema_migrations[0m
  [4;36;1mSQL (0.000141)[0m   [0;1m SELECT name
 FROM sqlite_master
 WHERE type = 'table' AND NOT name = 'sqlite_sequence'
[0m
  [4;35;1mSQL (0.000036)[0m   [0mPRAGMA index_list("bozons")[0m
  [4;36;1mSQL (0.000278)[0m   [0;1mselect sqlite_version(*)[0m
  [4;35;1mSQL (0.000213)[0m   [0m SELECT name
 FROM sqlite_master
 WHERE type = 'table' AND NOT name = 'sqlite_sequence'
[0m
  [4;36;1mSQL (0.001363)[0m   [0;1mCREATE TABLE "bozons" ("id" INTEGER PRIMARY KEY AUTOINCREMENT NOT NULL, "content" text DEFAULT NULL NULL, "created_at" datetime DEFAULT NULL NULL, "updated_at" datetime DEFAULT NULL NULL) [0m
  [4;35;1mSQL (0.000147)[0m   [0m SELECT name
 FROM sqlite_master
 WHERE type = 'table' AND NOT name = 'sqlite_sequence'
[0m
  [4;36;1mSQL (0.001025)[0m   [0;1mCREATE TABLE "schema_migrations" ("version" varchar(255) NOT NULL) [0m
  [4;35;1mSQL (0.001218)[0m   [0mCREATE UNIQUE INDEX "unique_schema_migrations" ON "schema_migrations" ("version")[0m
  [4;36;1mSQL (0.000345)[0m   [0;1m SELECT name
 FROM sqlite_master
 WHERE type = 'table' AND NOT name = 'sqlite_sequence'
[0m
  [4;35;1mSQL (0.000072)[0m   [0mSELECT version FROM "schema_migrations"[0m
  [4;36;1mSQL (0.000990)[0m   [0;1mINSERT INTO "schema_migrations" (version) VALUES ('20080605161332')[0m
  [4;36;1mSQL (0.000417)[0m   [0;1m SELECT name
 FROM sqlite_master
 WHERE type = 'table' AND NOT name = 'sqlite_sequence'
[0m
  [4;35;1mSQL (0.000109)[0m   [0mSELECT version FROM schema_migrations[0m
  [4;36;1mSQL (0.000106)[0m   [0;1mselect sqlite_version(*)[0m
  [4;35;1mSQL (0.000119)[0m   [0mSELECT version FROM schema_migrations[0m
  [4;36;1mSQL (0.000141)[0m   [0;1m SELECT name
 FROM sqlite_master
 WHERE type = 'table' AND NOT name = 'sqlite_sequence'
[0m
  [4;35;1mSQL (0.000035)[0m   [0mPRAGMA index_list("bozons")[0m
  [4;36;1mSQL (0.000135)[0m   [0;1mselect sqlite_version(*)[0m
  [4;35;1mSQL (0.000340)[0m   [0m SELECT name
 FROM sqlite_master
 WHERE type = 'table' AND NOT name = 'sqlite_sequence'
[0m
  [4;36;1mSQL (0.001188)[0m   [0;1mCREATE TABLE "bozons" ("id" INTEGER PRIMARY KEY AUTOINCREMENT NOT NULL, "content" text DEFAULT NULL NULL, "created_at" datetime DEFAULT NULL NULL, "updated_at" datetime DEFAULT NULL NULL) [0m
  [4;35;1mSQL (0.000150)[0m   [0m SELECT name
 FROM sqlite_master
 WHERE type = 'table' AND NOT name = 'sqlite_sequence'
[0m
  [4;36;1mSQL (0.000900)[0m   [0;1mCREATE TABLE "schema_migrations" ("version" varchar(255) NOT NULL) [0m
  [4;35;1mSQL (0.000896)[0m   [0mCREATE UNIQUE INDEX "unique_schema_migrations" ON "schema_migrations" ("version")[0m
  [4;36;1mSQL (0.000147)[0m   [0;1m SELECT name
 FROM sqlite_master
 WHERE type = 'table' AND NOT name = 'sqlite_sequence'
[0m
  [4;35;1mSQL (0.000067)[0m   [0mSELECT version FROM "schema_migrations"[0m
  [4;36;1mSQL (0.001059)[0m   [0;1mINSERT INTO "schema_migrations" (version) VALUES ('20080605161332')[0m
  [4;36;1mSQL (0.000434)[0m   [0;1m SELECT name
 FROM sqlite_master
 WHERE type = 'table' AND NOT name = 'sqlite_sequence'
[0m
  [4;35;1mSQL (0.000108)[0m   [0mSELECT version FROM schema_migrations[0m
  [4;36;1mSQL (0.000106)[0m   [0;1mselect sqlite_version(*)[0m
  [4;35;1mSQL (0.000116)[0m   [0mSELECT version FROM schema_migrations[0m
  [4;36;1mSQL (0.000140)[0m   [0;1m SELECT name
 FROM sqlite_master
 WHERE type = 'table' AND NOT name = 'sqlite_sequence'
[0m
  [4;35;1mSQL (0.000045)[0m   [0mPRAGMA index_list("bozons")[0m
  [4;36;1mSQL (0.000218)[0m   [0;1mselect sqlite_version(*)[0m
  [4;35;1mSQL (0.000166)[0m   [0m SELECT name
 FROM sqlite_master
 WHERE type = 'table' AND NOT name = 'sqlite_sequence'
[0m
  [4;36;1mSQL (0.001161)[0m   [0;1mCREATE TABLE "bozons" ("id" INTEGER PRIMARY KEY AUTOINCREMENT NOT NULL, "content" text DEFAULT NULL NULL, "created_at" datetime DEFAULT NULL NULL, "updated_at" datetime DEFAULT NULL NULL) [0m
  [4;35;1mSQL (0.000127)[0m   [0m SELECT name
 FROM sqlite_master
 WHERE type = 'table' AND NOT name = 'sqlite_sequence'
[0m
  [4;36;1mSQL (0.000927)[0m   [0;1mCREATE TABLE "schema_migrations" ("version" varchar(255) NOT NULL) [0m
  [4;35;1mSQL (0.001061)[0m   [0mCREATE UNIQUE INDEX "unique_schema_migrations" ON "schema_migrations" ("version")[0m
  [4;36;1mSQL (0.000220)[0m   [0;1m SELECT name
 FROM sqlite_master
 WHERE type = 'table' AND NOT name = 'sqlite_sequence'
[0m
  [4;35;1mSQL (0.000067)[0m   [0mSELECT version FROM "schema_migrations"[0m
  [4;36;1mSQL (0.000854)[0m   [0;1mINSERT INTO "schema_migrations" (version) VALUES ('20080605161332')[0m
  [4;36;1mSQL (0.000481)[0m   [0;1m SELECT name
 FROM sqlite_master
 WHERE type = 'table' AND NOT name = 'sqlite_sequence'
[0m
  [4;35;1mSQL (0.000109)[0m   [0mSELECT version FROM schema_migrations[0m
  [4;36;1mSQL (0.000109)[0m   [0;1mselect sqlite_version(*)[0m
  [4;35;1mSQL (0.000120)[0m   [0mSELECT version FROM schema_migrations[0m
  [4;36;1mSQL (0.000141)[0m   [0;1m SELECT name
 FROM sqlite_master
 WHERE type = 'table' AND NOT name = 'sqlite_sequence'
[0m
  [4;35;1mSQL (0.000036)[0m   [0mPRAGMA index_list("bozons")[0m
  [4;36;1mSQL (0.000135)[0m   [0;1mselect sqlite_version(*)[0m
  [4;35;1mSQL (0.000184)[0m   [0m SELECT name
 FROM sqlite_master
 WHERE type = 'table' AND NOT name = 'sqlite_sequence'
[0m
  [4;36;1mSQL (0.001369)[0m   [0;1mCREATE TABLE "bozons" ("id" INTEGER PRIMARY KEY AUTOINCREMENT NOT NULL, "content" text DEFAULT NULL NULL, "created_at" datetime DEFAULT NULL NULL, "updated_at" datetime DEFAULT NULL NULL) [0m
  [4;35;1mSQL (0.000189)[0m   [0m SELECT name
 FROM sqlite_master
 WHERE type = 'table' AND NOT name = 'sqlite_sequence'
[0m
  [4;36;1mSQL (0.001101)[0m   [0;1mCREATE TABLE "schema_migrations" ("version" varchar(255) NOT NULL) [0m
  [4;35;1mSQL (0.000992)[0m   [0mCREATE UNIQUE INDEX "unique_schema_migrations" ON "schema_migrations" ("version")[0m
  [4;36;1mSQL (0.000154)[0m   [0;1m SELECT name
 FROM sqlite_master
 WHERE type = 'table' AND NOT name = 'sqlite_sequence'
[0m
  [4;35;1mSQL (0.000069)[0m   [0mSELECT version FROM "schema_migrations"[0m
  [4;36;1mSQL (0.000907)[0m   [0;1mINSERT INTO "schema_migrations" (version) VALUES ('20080605161332')[0m
  [4;36;1mSQL (0.000417)[0m   [0;1m SELECT name
 FROM sqlite_master
 WHERE type = 'table' AND NOT name = 'sqlite_sequence'
[0m
  [4;35;1mSQL (0.000108)[0m   [0mSELECT version FROM schema_migrations[0m
  [4;36;1mSQL (0.000109)[0m   [0;1mselect sqlite_version(*)[0m
  [4;35;1mSQL (0.000118)[0m   [0mSELECT version FROM schema_migrations[0m
  [4;36;1mSQL (0.000140)[0m   [0;1m SELECT name
 FROM sqlite_master
 WHERE type = 'table' AND NOT name = 'sqlite_sequence'
[0m
  [4;35;1mSQL (0.000036)[0m   [0mPRAGMA index_list("bozons")[0m
  [4;36;1mSQL (0.000216)[0m   [0;1mselect sqlite_version(*)[0m
  [4;35;1mSQL (0.000203)[0m   [0m SELECT name
 FROM sqlite_master
 WHERE type = 'table' AND NOT name = 'sqlite_sequence'
[0m
  [4;36;1mSQL (0.001581)[0m   [0;1mCREATE TABLE "bozons" ("id" INTEGER PRIMARY KEY AUTOINCREMENT NOT NULL, "content" text DEFAULT NULL NULL, "created_at" datetime DEFAULT NULL NULL, "updated_at" datetime DEFAULT NULL NULL) [0m
  [4;35;1mSQL (0.000194)[0m   [0m SELECT name
 FROM sqlite_master
 WHERE type = 'table' AND NOT name = 'sqlite_sequence'
[0m
  [4;36;1mSQL (0.000906)[0m   [0;1mCREATE TABLE "schema_migrations" ("version" varchar(255) NOT NULL) [0m
  [4;35;1mSQL (0.000967)[0m   [0mCREATE UNIQUE INDEX "unique_schema_migrations" ON "schema_migrations" ("version")[0m
  [4;36;1mSQL (0.000165)[0m   [0;1m SELECT name
 FROM sqlite_master
 WHERE type = 'table' AND NOT name = 'sqlite_sequence'
[0m
  [4;35;1mSQL (0.000067)[0m   [0mSELECT version FROM "schema_migrations"[0m
  [4;36;1mSQL (0.000899)[0m   [0;1mINSERT INTO "schema_migrations" (version) VALUES ('20080605161332')[0m
  [4;36;1mSQL (0.000446)[0m   [0;1m SELECT name
 FROM sqlite_master
 WHERE type = 'table' AND NOT name = 'sqlite_sequence'
[0m
  [4;35;1mSQL (0.000130)[0m   [0mSELECT version FROM schema_migrations[0m
  [4;36;1mSQL (0.000141)[0m   [0;1mselect sqlite_version(*)[0m
  [4;35;1mSQL (0.000118)[0m   [0mSELECT version FROM schema_migrations[0m
  [4;36;1mSQL (0.000142)[0m   [0;1m SELECT name
 FROM sqlite_master
 WHERE type = 'table' AND NOT name = 'sqlite_sequence'
[0m
  [4;35;1mSQL (0.000037)[0m   [0mPRAGMA index_list("bozons")[0m
  [4;36;1mSQL (0.000146)[0m   [0;1mselect sqlite_version(*)[0m
  [4;35;1mSQL (0.000162)[0m   [0m SELECT name
 FROM sqlite_master
 WHERE type = 'table' AND NOT name = 'sqlite_sequence'
[0m
  [4;36;1mSQL (0.001176)[0m   [0;1mCREATE TABLE "bozons" ("id" INTEGER PRIMARY KEY AUTOINCREMENT NOT NULL, "content" text DEFAULT NULL NULL, "created_at" datetime DEFAULT NULL NULL, "updated_at" datetime DEFAULT NULL NULL) [0m
  [4;35;1mSQL (0.000128)[0m   [0m SELECT name
 FROM sqlite_master
 WHERE type = 'table' AND NOT name = 'sqlite_sequence'
[0m
  [4;36;1mSQL (0.000857)[0m   [0;1mCREATE TABLE "schema_migrations" ("version" varchar(255) NOT NULL) [0m
  [4;35;1mSQL (0.000993)[0m   [0mCREATE UNIQUE INDEX "unique_schema_migrations" ON "schema_migrations" ("version")[0m
  [4;36;1mSQL (0.000249)[0m   [0;1m SELECT name
 FROM sqlite_master
 WHERE type = 'table' AND NOT name = 'sqlite_sequence'
[0m
  [4;35;1mSQL (0.000069)[0m   [0mSELECT version FROM "schema_migrations"[0m
  [4;36;1mSQL (0.000993)[0m   [0;1mINSERT INTO "schema_migrations" (version) VALUES ('20080605161332')[0m
  [4;36;1mSQL (0.000428)[0m   [0;1m SELECT name
 FROM sqlite_master
 WHERE type = 'table' AND NOT name = 'sqlite_sequence'
[0m
  [4;35;1mSQL (0.000109)[0m   [0mSELECT version FROM schema_migrations[0m
  [4;36;1mSQL (0.000110)[0m   [0;1mselect sqlite_version(*)[0m
  [4;35;1mSQL (0.000123)[0m   [0mSELECT version FROM schema_migrations[0m
  [4;36;1mSQL (0.000142)[0m   [0;1m SELECT name
 FROM sqlite_master
 WHERE type = 'table' AND NOT name = 'sqlite_sequence'
[0m
  [4;35;1mSQL (0.000036)[0m   [0mPRAGMA index_list("bozons")[0m
  [4;36;1mSQL (0.000171)[0m   [0;1mselect sqlite_version(*)[0m
  [4;35;1mSQL (0.000321)[0m   [0m SELECT name
 FROM sqlite_master
 WHERE type = 'table' AND NOT name = 'sqlite_sequence'
[0m
  [4;36;1mSQL (0.001311)[0m   [0;1mCREATE TABLE "bozons" ("id" INTEGER PRIMARY KEY AUTOINCREMENT NOT NULL, "content" text DEFAULT NULL NULL, "created_at" datetime DEFAULT NULL NULL, "updated_at" datetime DEFAULT NULL NULL) [0m
  [4;35;1mSQL (0.000221)[0m   [0m SELECT name
 FROM sqlite_master
 WHERE type = 'table' AND NOT name = 'sqlite_sequence'
[0m
  [4;36;1mSQL (0.004642)[0m   [0;1mCREATE TABLE "schema_migrations" ("version" varchar(255) NOT NULL) [0m
  [4;35;1mSQL (0.000870)[0m   [0mCREATE UNIQUE INDEX "unique_schema_migrations" ON "schema_migrations" ("version")[0m
  [4;36;1mSQL (0.000146)[0m   [0;1m SELECT name
 FROM sqlite_master
 WHERE type = 'table' AND NOT name = 'sqlite_sequence'
[0m
  [4;35;1mSQL (0.000069)[0m   [0mSELECT version FROM "schema_migrations"[0m
  [4;36;1mSQL (0.000822)[0m   [0;1mINSERT INTO "schema_migrations" (version) VALUES ('20080605161332')[0m
  [4;36;1mSQL (0.000442)[0m   [0;1m SELECT name
 FROM sqlite_master
 WHERE type = 'table' AND NOT name = 'sqlite_sequence'
[0m
  [4;35;1mSQL (0.000110)[0m   [0mSELECT version FROM schema_migrations[0m
  [4;36;1mSQL (0.000123)[0m   [0;1mselect sqlite_version(*)[0m
  [4;35;1mSQL (0.000118)[0m   [0mSELECT version FROM schema_migrations[0m
  [4;36;1mSQL (0.000141)[0m   [0;1m SELECT name
 FROM sqlite_master
 WHERE type = 'table' AND NOT name = 'sqlite_sequence'
[0m
  [4;35;1mSQL (0.000036)[0m   [0mPRAGMA index_list("bozons")[0m
  [4;36;1mSQL (0.000134)[0m   [0;1mselect sqlite_version(*)[0m
  [4;35;1mSQL (0.000166)[0m   [0m SELECT name
 FROM sqlite_master
 WHERE type = 'table' AND NOT name = 'sqlite_sequence'
[0m
  [4;36;1mSQL (0.001135)[0m   [0;1mCREATE TABLE "bozons" ("id" INTEGER PRIMARY KEY AUTOINCREMENT NOT NULL, "content" text DEFAULT NULL NULL, "created_at" datetime DEFAULT NULL NULL, "updated_at" datetime DEFAULT NULL NULL) [0m
  [4;35;1mSQL (0.000130)[0m   [0m SELECT name
 FROM sqlite_master
 WHERE type = 'table' AND NOT name = 'sqlite_sequence'
[0m
  [4;36;1mSQL (0.004568)[0m   [0;1mCREATE TABLE "schema_migrations" ("version" varchar(255) NOT NULL) [0m
  [4;35;1mSQL (0.000958)[0m   [0mCREATE UNIQUE INDEX "unique_schema_migrations" ON "schema_migrations" ("version")[0m
  [4;36;1mSQL (0.000148)[0m   [0;1m SELECT name
 FROM sqlite_master
 WHERE type = 'table' AND NOT name = 'sqlite_sequence'
[0m
  [4;35;1mSQL (0.000069)[0m   [0mSELECT version FROM "schema_migrations"[0m
  [4;36;1mSQL (0.000878)[0m   [0;1mINSERT INTO "schema_migrations" (version) VALUES ('20080605161332')[0m
  [4;36;1mSQL (0.000447)[0m   [0;1m SELECT name
 FROM sqlite_master
 WHERE type = 'table' AND NOT name = 'sqlite_sequence'
[0m
  [4;35;1mSQL (0.000109)[0m   [0mSELECT version FROM schema_migrations[0m
  [4;36;1mSQL (0.000124)[0m   [0;1mselect sqlite_version(*)[0m
  [4;35;1mSQL (0.000120)[0m   [0mSELECT version FROM schema_migrations[0m
  [4;36;1mSQL (0.000143)[0m   [0;1m SELECT name
 FROM sqlite_master
 WHERE type = 'table' AND NOT name = 'sqlite_sequence'
[0m
  [4;35;1mSQL (0.000037)[0m   [0mPRAGMA index_list("bozons")[0m
  [4;36;1mSQL (0.000121)[0m   [0;1mselect sqlite_version(*)[0m
  [4;35;1mSQL (0.000159)[0m   [0m SELECT name
 FROM sqlite_master
 WHERE type = 'table' AND NOT name = 'sqlite_sequence'
[0m
  [4;36;1mSQL (0.001475)[0m   [0;1mCREATE TABLE "bozons" ("id" INTEGER PRIMARY KEY AUTOINCREMENT NOT NULL, "content" text DEFAULT NULL NULL, "created_at" datetime DEFAULT NULL NULL, "updated_at" datetime DEFAULT NULL NULL) [0m
  [4;35;1mSQL (0.000276)[0m   [0m SELECT name
 FROM sqlite_master
 WHERE type = 'table' AND NOT name = 'sqlite_sequence'
[0m
  [4;36;1mSQL (0.001019)[0m   [0;1mCREATE TABLE "schema_migrations" ("version" varchar(255) NOT NULL) [0m
  [4;35;1mSQL (0.000986)[0m   [0mCREATE UNIQUE INDEX "unique_schema_migrations" ON "schema_migrations" ("version")[0m
  [4;36;1mSQL (0.000222)[0m   [0;1m SELECT name
 FROM sqlite_master
 WHERE type = 'table' AND NOT name = 'sqlite_sequence'
[0m
  [4;35;1mSQL (0.000069)[0m   [0mSELECT version FROM "schema_migrations"[0m
  [4;36;1mSQL (0.005740)[0m   [0;1mINSERT INTO "schema_migrations" (version) VALUES ('20080605161332')[0m
  [4;36;1mSQL (0.000413)[0m   [0;1m SELECT name
 FROM sqlite_master
 WHERE type = 'table' AND NOT name = 'sqlite_sequence'
[0m
  [4;35;1mSQL (0.000109)[0m   [0mSELECT version FROM schema_migrations[0m
  [4;36;1mSQL (0.000112)[0m   [0;1mselect sqlite_version(*)[0m
  [4;35;1mSQL (0.000118)[0m   [0mSELECT version FROM schema_migrations[0m
  [4;36;1mSQL (0.000141)[0m   [0;1m SELECT name
 FROM sqlite_master
 WHERE type = 'table' AND NOT name = 'sqlite_sequence'
[0m
  [4;35;1mSQL (0.000035)[0m   [0mPRAGMA index_list("bozons")[0m
  [4;36;1mSQL (0.000134)[0m   [0;1mselect sqlite_version(*)[0m
  [4;35;1mSQL (0.000171)[0m   [0m SELECT name
 FROM sqlite_master
 WHERE type = 'table' AND NOT name = 'sqlite_sequence'
[0m
  [4;36;1mSQL (0.001151)[0m   [0;1mCREATE TABLE "bozons" ("id" INTEGER PRIMARY KEY AUTOINCREMENT NOT NULL, "content" text DEFAULT NULL NULL, "created_at" datetime DEFAULT NULL NULL, "updated_at" datetime DEFAULT NULL NULL) [0m
  [4;35;1mSQL (0.000124)[0m   [0m SELECT name
 FROM sqlite_master
 WHERE type = 'table' AND NOT name = 'sqlite_sequence'
[0m
  [4;36;1mSQL (0.000896)[0m   [0;1mCREATE TABLE "schema_migrations" ("version" varchar(255) NOT NULL) [0m
  [4;35;1mSQL (0.000939)[0m   [0mCREATE UNIQUE INDEX "unique_schema_migrations" ON "schema_migrations" ("version")[0m
  [4;36;1mSQL (0.000145)[0m   [0;1m SELECT name
 FROM sqlite_master
 WHERE type = 'table' AND NOT name = 'sqlite_sequence'
[0m
  [4;35;1mSQL (0.000067)[0m   [0mSELECT version FROM "schema_migrations"[0m
  [4;36;1mSQL (0.003648)[0m   [0;1mINSERT INTO "schema_migrations" (version) VALUES ('20080605161332')[0m
  [4;36;1mSQL (0.000419)[0m   [0;1m SELECT name
 FROM sqlite_master
 WHERE type = 'table' AND NOT name = 'sqlite_sequence'
[0m
  [4;35;1mSQL (0.000123)[0m   [0mSELECT version FROM schema_migrations[0m
  [4;36;1mSQL (0.000105)[0m   [0;1mselect sqlite_version(*)[0m
  [4;35;1mSQL (0.000118)[0m   [0mSELECT version FROM schema_migrations[0m
  [4;36;1mSQL (0.000142)[0m   [0;1m SELECT name
 FROM sqlite_master
 WHERE type = 'table' AND NOT name = 'sqlite_sequence'
[0m
  [4;35;1mSQL (0.000035)[0m   [0mPRAGMA index_list("bozons")[0m
  [4;36;1mSQL (0.000146)[0m   [0;1mselect sqlite_version(*)[0m
  [4;35;1mSQL (0.000165)[0m   [0m SELECT name
 FROM sqlite_master
 WHERE type = 'table' AND NOT name = 'sqlite_sequence'
[0m
  [4;36;1mSQL (0.001181)[0m   [0;1mCREATE TABLE "bozons" ("id" INTEGER PRIMARY KEY AUTOINCREMENT NOT NULL, "content" text DEFAULT NULL NULL, "created_at" datetime DEFAULT NULL NULL, "updated_at" datetime DEFAULT NULL NULL) [0m
  [4;35;1mSQL (0.000130)[0m   [0m SELECT name
 FROM sqlite_master
 WHERE type = 'table' AND NOT name = 'sqlite_sequence'
[0m
  [4;36;1mSQL (0.000901)[0m   [0;1mCREATE TABLE "schema_migrations" ("version" varchar(255) NOT NULL) [0m
  [4;35;1mSQL (0.004776)[0m   [0mCREATE UNIQUE INDEX "unique_schema_migrations" ON "schema_migrations" ("version")[0m
  [4;36;1mSQL (0.000217)[0m   [0;1m SELECT name
 FROM sqlite_master
 WHERE type = 'table' AND NOT name = 'sqlite_sequence'
[0m
  [4;35;1mSQL (0.000067)[0m   [0mSELECT version FROM "schema_migrations"[0m
  [4;36;1mSQL (0.000860)[0m   [0;1mINSERT INTO "schema_migrations" (version) VALUES ('20080605161332')[0m
  [4;36;1mSQL (0.000432)[0m   [0;1m SELECT name
 FROM sqlite_master
 WHERE type = 'table' AND NOT name = 'sqlite_sequence'
[0m
  [4;35;1mSQL (0.000126)[0m   [0mSELECT version FROM schema_migrations[0m
  [4;36;1mSQL (0.000108)[0m   [0;1mselect sqlite_version(*)[0m
  [4;35;1mSQL (0.000121)[0m   [0mSELECT version FROM schema_migrations[0m
  [4;36;1mSQL (0.000157)[0m   [0;1m SELECT name
 FROM sqlite_master
 WHERE type = 'table' AND NOT name = 'sqlite_sequence'
[0m
  [4;35;1mSQL (0.000036)[0m   [0mPRAGMA index_list("bozons")[0m
  [4;36;1mSQL (0.000129)[0m   [0;1mselect sqlite_version(*)[0m
  [4;35;1mSQL (0.000171)[0m   [0m SELECT name
 FROM sqlite_master
 WHERE type = 'table' AND NOT name = 'sqlite_sequence'
[0m
  [4;36;1mSQL (0.001221)[0m   [0;1mCREATE TABLE "bozons" ("id" INTEGER PRIMARY KEY AUTOINCREMENT NOT NULL, "content" text DEFAULT NULL NULL, "created_at" datetime DEFAULT NULL NULL, "updated_at" datetime DEFAULT NULL NULL) [0m
  [4;35;1mSQL (0.000147)[0m   [0m SELECT name
 FROM sqlite_master
 WHERE type = 'table' AND NOT name = 'sqlite_sequence'
[0m
  [4;36;1mSQL (0.000905)[0m   [0;1mCREATE TABLE "schema_migrations" ("version" varchar(255) NOT NULL) [0m
  [4;35;1mSQL (0.004245)[0m   [0mCREATE UNIQUE INDEX "unique_schema_migrations" ON "schema_migrations" ("version")[0m
  [4;36;1mSQL (0.000152)[0m   [0;1m SELECT name
 FROM sqlite_master
 WHERE type = 'table' AND NOT name = 'sqlite_sequence'
[0m
  [4;35;1mSQL (0.000068)[0m   [0mSELECT version FROM "schema_migrations"[0m
  [4;36;1mSQL (0.000876)[0m   [0;1mINSERT INTO "schema_migrations" (version) VALUES ('20080605161332')[0m
  [4;36;1mSQL (0.000498)[0m   [0;1m SELECT name
 FROM sqlite_master
 WHERE type = 'table' AND NOT name = 'sqlite_sequence'
[0m
  [4;35;1mSQL (0.000108)[0m   [0mSELECT version FROM schema_migrations[0m
  [4;36;1mSQL (0.000105)[0m   [0;1mselect sqlite_version(*)[0m
  [4;35;1mSQL (0.000126)[0m   [0mSELECT version FROM schema_migrations[0m
  [4;36;1mSQL (0.000143)[0m   [0;1m SELECT name
 FROM sqlite_master
 WHERE type = 'table' AND NOT name = 'sqlite_sequence'
[0m
  [4;35;1mSQL (0.000036)[0m   [0mPRAGMA index_list("bozons")[0m
  [4;36;1mSQL (0.000131)[0m   [0;1mselect sqlite_version(*)[0m
  [4;35;1mSQL (0.000169)[0m   [0m SELECT name
 FROM sqlite_master
 WHERE type = 'table' AND NOT name = 'sqlite_sequence'
[0m
  [4;36;1mSQL (0.001180)[0m   [0;1mCREATE TABLE "bozons" ("id" INTEGER PRIMARY KEY AUTOINCREMENT NOT NULL, "content" text DEFAULT NULL NULL, "created_at" datetime DEFAULT NULL NULL, "updated_at" datetime DEFAULT NULL NULL) [0m
  [4;35;1mSQL (0.000132)[0m   [0m SELECT name
 FROM sqlite_master
 WHERE type = 'table' AND NOT name = 'sqlite_sequence'
[0m
  [4;36;1mSQL (0.005658)[0m   [0;1mCREATE TABLE "schema_migrations" ("version" varchar(255) NOT NULL) [0m
  [4;35;1mSQL (0.001021)[0m   [0mCREATE UNIQUE INDEX "unique_schema_migrations" ON "schema_migrations" ("version")[0m
  [4;36;1mSQL (0.000227)[0m   [0;1m SELECT name
 FROM sqlite_master
 WHERE type = 'table' AND NOT name = 'sqlite_sequence'
[0m
  [4;35;1mSQL (0.000067)[0m   [0mSELECT version FROM "schema_migrations"[0m
  [4;36;1mSQL (0.000984)[0m   [0;1mINSERT INTO "schema_migrations" (version) VALUES ('20080605161332')[0m
  [4;36;1mSQL (0.000491)[0m   [0;1m SELECT name
 FROM sqlite_master
 WHERE type = 'table' AND NOT name = 'sqlite_sequence'
[0m
  [4;35;1mSQL (0.000110)[0m   [0mSELECT version FROM schema_migrations[0m
  [4;36;1mSQL (0.000117)[0m   [0;1mselect sqlite_version(*)[0m
  [4;35;1mSQL (0.000122)[0m   [0mSELECT version FROM schema_migrations[0m
  [4;36;1mSQL (0.000143)[0m   [0;1m SELECT name
 FROM sqlite_master
 WHERE type = 'table' AND NOT name = 'sqlite_sequence'
[0m
  [4;35;1mSQL (0.000036)[0m   [0mPRAGMA index_list("bozons")[0m
  [4;36;1mSQL (0.000151)[0m   [0;1mselect sqlite_version(*)[0m
  [4;35;1mSQL (0.000167)[0m   [0m SELECT name
 FROM sqlite_master
 WHERE type = 'table' AND NOT name = 'sqlite_sequence'
[0m
  [4;36;1mSQL (0.001157)[0m   [0;1mCREATE TABLE "bozons" ("id" INTEGER PRIMARY KEY AUTOINCREMENT NOT NULL, "content" text DEFAULT NULL NULL, "created_at" datetime DEFAULT NULL NULL, "updated_at" datetime DEFAULT NULL NULL) [0m
  [4;35;1mSQL (0.000140)[0m   [0m SELECT name
 FROM sqlite_master
 WHERE type = 'table' AND NOT name = 'sqlite_sequence'
[0m
  [4;36;1mSQL (0.000921)[0m   [0;1mCREATE TABLE "schema_migrations" ("version" varchar(255) NOT NULL) [0m
  [4;35;1mSQL (0.004634)[0m   [0mCREATE UNIQUE INDEX "unique_schema_migrations" ON "schema_migrations" ("version")[0m
  [4;36;1mSQL (0.000196)[0m   [0;1m SELECT name
 FROM sqlite_master
 WHERE type = 'table' AND NOT name = 'sqlite_sequence'
[0m
  [4;35;1mSQL (0.000067)[0m   [0mSELECT version FROM "schema_migrations"[0m
  [4;36;1mSQL (0.000923)[0m   [0;1mINSERT INTO "schema_migrations" (version) VALUES ('20080605161332')[0m
  [4;36;1mSQL (0.000463)[0m   [0;1m SELECT name
 FROM sqlite_master
 WHERE type = 'table' AND NOT name = 'sqlite_sequence'
[0m
  [4;35;1mSQL (0.000109)[0m   [0mSELECT version FROM schema_migrations[0m
  [4;36;1mSQL (0.000107)[0m   [0;1mselect sqlite_version(*)[0m
  [4;35;1mSQL (0.000119)[0m   [0mSELECT version FROM schema_migrations[0m
  [4;36;1mSQL (0.000143)[0m   [0;1m SELECT name
 FROM sqlite_master
 WHERE type = 'table' AND NOT name = 'sqlite_sequence'
[0m
  [4;35;1mSQL (0.000036)[0m   [0mPRAGMA index_list("bozons")[0m
  [4;36;1mSQL (0.000238)[0m   [0;1mselect sqlite_version(*)[0m
  [4;35;1mSQL (0.000234)[0m   [0m SELECT name
 FROM sqlite_master
 WHERE type = 'table' AND NOT name = 'sqlite_sequence'
[0m
  [4;36;1mSQL (0.001242)[0m   [0;1mCREATE TABLE "bozons" ("id" INTEGER PRIMARY KEY AUTOINCREMENT NOT NULL, "content" text DEFAULT NULL NULL, "created_at" datetime DEFAULT NULL NULL, "updated_at" datetime DEFAULT NULL NULL) [0m
  [4;35;1mSQL (0.000132)[0m   [0m SELECT name
 FROM sqlite_master
 WHERE type = 'table' AND NOT name = 'sqlite_sequence'
[0m
  [4;36;1mSQL (0.000876)[0m   [0;1mCREATE TABLE "schema_migrations" ("version" varchar(255) NOT NULL) [0m
  [4;35;1mSQL (0.000896)[0m   [0mCREATE UNIQUE INDEX "unique_schema_migrations" ON "schema_migrations" ("version")[0m
  [4;36;1mSQL (0.000147)[0m   [0;1m SELECT name
 FROM sqlite_master
 WHERE type = 'table' AND NOT name = 'sqlite_sequence'
[0m
  [4;35;1mSQL (0.000069)[0m   [0mSELECT version FROM "schema_migrations"[0m
  [4;36;1mSQL (0.000853)[0m   [0;1mINSERT INTO "schema_migrations" (version) VALUES ('20080605161332')[0m
  [4;36;1mSQL (0.000422)[0m   [0;1m SELECT name
 FROM sqlite_master
 WHERE type = 'table' AND NOT name = 'sqlite_sequence'
[0m
  [4;35;1mSQL (0.000111)[0m   [0mSELECT version FROM schema_migrations[0m
  [4;36;1mSQL (0.000124)[0m   [0;1mselect sqlite_version(*)[0m
  [4;35;1mSQL (0.000127)[0m   [0mSELECT version FROM schema_migrations[0m
  [4;36;1mSQL (0.000143)[0m   [0;1m SELECT name
 FROM sqlite_master
 WHERE type = 'table' AND NOT name = 'sqlite_sequence'
[0m
  [4;35;1mSQL (0.000035)[0m   [0mPRAGMA index_list("bozons")[0m
  [4;36;1mSQL (0.000158)[0m   [0;1mselect sqlite_version(*)[0m
  [4;35;1mSQL (0.000181)[0m   [0m SELECT name
 FROM sqlite_master
 WHERE type = 'table' AND NOT name = 'sqlite_sequence'
[0m
  [4;36;1mSQL (0.001240)[0m   [0;1mCREATE TABLE "bozons" ("id" INTEGER PRIMARY KEY AUTOINCREMENT NOT NULL, "content" text DEFAULT NULL NULL, "created_at" datetime DEFAULT NULL NULL, "updated_at" datetime DEFAULT NULL NULL) [0m
  [4;35;1mSQL (0.000132)[0m   [0m SELECT name
 FROM sqlite_master
 WHERE type = 'table' AND NOT name = 'sqlite_sequence'
[0m
  [4;36;1mSQL (0.000910)[0m   [0;1mCREATE TABLE "schema_migrations" ("version" varchar(255) NOT NULL) [0m
  [4;35;1mSQL (0.000918)[0m   [0mCREATE UNIQUE INDEX "unique_schema_migrations" ON "schema_migrations" ("version")[0m
  [4;36;1mSQL (0.000165)[0m   [0;1m SELECT name
 FROM sqlite_master
 WHERE type = 'table' AND NOT name = 'sqlite_sequence'
[0m
  [4;35;1mSQL (0.000068)[0m   [0mSELECT version FROM "schema_migrations"[0m
  [4;36;1mSQL (0.000861)[0m   [0;1mINSERT INTO "schema_migrations" (version) VALUES ('20080605161332')[0m
  [4;36;1mSQL (0.000425)[0m   [0;1m SELECT name
 FROM sqlite_master
 WHERE type = 'table' AND NOT name = 'sqlite_sequence'
[0m
  [4;35;1mSQL (0.000109)[0m   [0mSELECT version FROM schema_migrations[0m
  [4;36;1mSQL (0.000145)[0m   [0;1mselect sqlite_version(*)[0m
  [4;35;1mSQL (0.000138)[0m   [0mSELECT version FROM schema_migrations[0m
  [4;36;1mSQL (0.000148)[0m   [0;1m SELECT name
 FROM sqlite_master
 WHERE type = 'table' AND NOT name = 'sqlite_sequence'
[0m
  [4;35;1mSQL (0.000036)[0m   [0mPRAGMA index_list("bozons")[0m
  [4;36;1mSQL (0.000159)[0m   [0;1mselect sqlite_version(*)[0m
  [4;35;1mSQL (0.000192)[0m   [0m SELECT name
 FROM sqlite_master
 WHERE type = 'table' AND NOT name = 'sqlite_sequence'
[0m
  [4;36;1mSQL (0.001246)[0m   [0;1mCREATE TABLE "bozons" ("id" INTEGER PRIMARY KEY AUTOINCREMENT NOT NULL, "content" text DEFAULT NULL NULL, "created_at" datetime DEFAULT NULL NULL, "updated_at" datetime DEFAULT NULL NULL) [0m
  [4;35;1mSQL (0.000141)[0m   [0m SELECT name
 FROM sqlite_master
 WHERE type = 'table' AND NOT name = 'sqlite_sequence'
[0m
  [4;36;1mSQL (0.000861)[0m   [0;1mCREATE TABLE "schema_migrations" ("version" varchar(255) NOT NULL) [0m
  [4;35;1mSQL (0.000882)[0m   [0mCREATE UNIQUE INDEX "unique_schema_migrations" ON "schema_migrations" ("version")[0m
  [4;36;1mSQL (0.000151)[0m   [0;1m SELECT name
 FROM sqlite_master
 WHERE type = 'table' AND NOT name = 'sqlite_sequence'
[0m
  [4;35;1mSQL (0.000075)[0m   [0mSELECT version FROM "schema_migrations"[0m
  [4;36;1mSQL (0.003427)[0m   [0;1mINSERT INTO "schema_migrations" (version) VALUES ('20080605161332')[0m
  [4;36;1mSQL (0.000519)[0m   [0;1m SELECT name
 FROM sqlite_master
 WHERE type = 'table' AND NOT name = 'sqlite_sequence'
[0m
  [4;35;1mSQL (0.000110)[0m   [0mSELECT version FROM schema_migrations[0m
  [4;36;1mSQL (0.000111)[0m   [0;1mselect sqlite_version(*)[0m
  [4;35;1mSQL (0.000119)[0m   [0mSELECT version FROM schema_migrations[0m
  [4;36;1mSQL (0.000167)[0m   [0;1m SELECT name
 FROM sqlite_master
 WHERE type = 'table' AND NOT name = 'sqlite_sequence'
[0m
  [4;35;1mSQL (0.000036)[0m   [0mPRAGMA index_list("bozons")[0m
  [4;36;1mSQL (0.000149)[0m   [0;1mselect sqlite_version(*)[0m
  [4;35;1mSQL (0.000157)[0m   [0m SELECT name
 FROM sqlite_master
 WHERE type = 'table' AND NOT name = 'sqlite_sequence'
[0m
  [4;36;1mSQL (0.001151)[0m   [0;1mCREATE TABLE "bozons" ("id" INTEGER PRIMARY KEY AUTOINCREMENT NOT NULL, "content" text DEFAULT NULL NULL, "created_at" datetime DEFAULT NULL NULL, "updated_at" datetime DEFAULT NULL NULL) [0m
  [4;35;1mSQL (0.000133)[0m   [0m SELECT name
 FROM sqlite_master
 WHERE type = 'table' AND NOT name = 'sqlite_sequence'
[0m
  [4;36;1mSQL (0.000867)[0m   [0;1mCREATE TABLE "schema_migrations" ("version" varchar(255) NOT NULL) [0m
  [4;35;1mSQL (0.000897)[0m   [0mCREATE UNIQUE INDEX "unique_schema_migrations" ON "schema_migrations" ("version")[0m
  [4;36;1mSQL (0.000147)[0m   [0;1m SELECT name
 FROM sqlite_master
 WHERE type = 'table' AND NOT name = 'sqlite_sequence'
[0m
  [4;35;1mSQL (0.000067)[0m   [0mSELECT version FROM "schema_migrations"[0m
  [4;36;1mSQL (0.004383)[0m   [0;1mINSERT INTO "schema_migrations" (version) VALUES ('20080605161332')[0m
  [4;36;1mSQL (0.000422)[0m   [0;1m SELECT name
 FROM sqlite_master
 WHERE type = 'table' AND NOT name = 'sqlite_sequence'
[0m
  [4;35;1mSQL (0.000112)[0m   [0mSELECT version FROM schema_migrations[0m
  [4;36;1mSQL (0.000113)[0m   [0;1mselect sqlite_version(*)[0m
  [4;35;1mSQL (0.000122)[0m   [0mSELECT version FROM schema_migrations[0m
  [4;36;1mSQL (0.000142)[0m   [0;1m SELECT name
 FROM sqlite_master
 WHERE type = 'table' AND NOT name = 'sqlite_sequence'
[0m
  [4;35;1mSQL (0.000035)[0m   [0mPRAGMA index_list("bozons")[0m
  [4;36;1mSQL (0.000363)[0m   [0;1mselect sqlite_version(*)[0m
  [4;35;1mSQL (0.000185)[0m   [0m SELECT name
 FROM sqlite_master
 WHERE type = 'table' AND NOT name = 'sqlite_sequence'
[0m
  [4;36;1mSQL (0.001188)[0m   [0;1mCREATE TABLE "bozons" ("id" INTEGER PRIMARY KEY AUTOINCREMENT NOT NULL, "content" text DEFAULT NULL NULL, "created_at" datetime DEFAULT NULL NULL, "updated_at" datetime DEFAULT NULL NULL) [0m
  [4;35;1mSQL (0.000159)[0m   [0m SELECT name
 FROM sqlite_master
 WHERE type = 'table' AND NOT name = 'sqlite_sequence'
[0m
  [4;36;1mSQL (0.004314)[0m   [0;1mCREATE TABLE "schema_migrations" ("version" varchar(255) NOT NULL) [0m
  [4;35;1mSQL (0.001118)[0m   [0mCREATE UNIQUE INDEX "unique_schema_migrations" ON "schema_migrations" ("version")[0m
  [4;36;1mSQL (0.000231)[0m   [0;1m SELECT name
 FROM sqlite_master
 WHERE type = 'table' AND NOT name = 'sqlite_sequence'
[0m
  [4;35;1mSQL (0.000067)[0m   [0mSELECT version FROM "schema_migrations"[0m
  [4;36;1mSQL (0.001010)[0m   [0;1mINSERT INTO "schema_migrations" (version) VALUES ('20080605161332')[0m
  [4;36;1mSQL (0.000566)[0m   [0;1m SELECT name
 FROM sqlite_master
 WHERE type = 'table' AND NOT name = 'sqlite_sequence'
[0m
  [4;35;1mSQL (0.000115)[0m   [0mSELECT version FROM schema_migrations[0m
  [4;36;1mSQL (0.000135)[0m   [0;1mselect sqlite_version(*)[0m
  [4;35;1mSQL (0.000130)[0m   [0mSELECT version FROM schema_migrations[0m
  [4;36;1mSQL (0.000145)[0m   [0;1m SELECT name
 FROM sqlite_master
 WHERE type = 'table' AND NOT name = 'sqlite_sequence'
[0m
  [4;35;1mSQL (0.000035)[0m   [0mPRAGMA index_list("bozons")[0m
  [4;36;1mSQL (0.000174)[0m   [0;1mselect sqlite_version(*)[0m
  [4;35;1mSQL (0.000182)[0m   [0m SELECT name
 FROM sqlite_master
 WHERE type = 'table' AND NOT name = 'sqlite_sequence'
[0m
  [4;36;1mSQL (0.001689)[0m   [0;1mCREATE TABLE "bozons" ("id" INTEGER PRIMARY KEY AUTOINCREMENT NOT NULL, "content" text DEFAULT NULL NULL, "created_at" datetime DEFAULT NULL NULL, "updated_at" datetime DEFAULT NULL NULL) [0m
  [4;35;1mSQL (0.000207)[0m   [0m SELECT name
 FROM sqlite_master
 WHERE type = 'table' AND NOT name = 'sqlite_sequence'
[0m
  [4;36;1mSQL (0.000887)[0m   [0;1mCREATE TABLE "schema_migrations" ("version" varchar(255) NOT NULL) [0m
  [4;35;1mSQL (0.001477)[0m   [0mCREATE UNIQUE INDEX "unique_schema_migrations" ON "schema_migrations" ("version")[0m
  [4;36;1mSQL (0.000302)[0m   [0;1m SELECT name
 FROM sqlite_master
 WHERE type = 'table' AND NOT name = 'sqlite_sequence'
[0m
  [4;35;1mSQL (0.000075)[0m   [0mSELECT version FROM "schema_migrations"[0m
  [4;36;1mSQL (0.001488)[0m   [0;1mINSERT INTO "schema_migrations" (version) VALUES ('20080605161332')[0m
  [4;36;1mSQL (0.000434)[0m   [0;1m SELECT name
 FROM sqlite_master
 WHERE type = 'table' AND NOT name = 'sqlite_sequence'
[0m
  [4;35;1mSQL (0.000108)[0m   [0mSELECT version FROM schema_migrations[0m
  [4;36;1mSQL (0.000107)[0m   [0;1mselect sqlite_version(*)[0m
  [4;35;1mSQL (0.000132)[0m   [0mSELECT version FROM schema_migrations[0m
  [4;36;1mSQL (0.000163)[0m   [0;1m SELECT name
 FROM sqlite_master
 WHERE type = 'table' AND NOT name = 'sqlite_sequence'
[0m
  [4;35;1mSQL (0.000035)[0m   [0mPRAGMA index_list("bozons")[0m
  [4;36;1mSQL (0.000143)[0m   [0;1mselect sqlite_version(*)[0m
  [4;35;1mSQL (0.000161)[0m   [0m SELECT name
 FROM sqlite_master
 WHERE type = 'table' AND NOT name = 'sqlite_sequence'
[0m
  [4;36;1mSQL (0.001317)[0m   [0;1mCREATE TABLE "bozons" ("id" INTEGER PRIMARY KEY AUTOINCREMENT NOT NULL, "content" text DEFAULT NULL NULL, "created_at" datetime DEFAULT NULL NULL, "updated_at" datetime DEFAULT NULL NULL) [0m
  [4;35;1mSQL (0.000187)[0m   [0m SELECT name
 FROM sqlite_master
 WHERE type = 'table' AND NOT name = 'sqlite_sequence'
[0m
  [4;36;1mSQL (0.000943)[0m   [0;1mCREATE TABLE "schema_migrations" ("version" varchar(255) NOT NULL) [0m
  [4;35;1mSQL (0.000940)[0m   [0mCREATE UNIQUE INDEX "unique_schema_migrations" ON "schema_migrations" ("version")[0m
  [4;36;1mSQL (0.000154)[0m   [0;1m SELECT name
 FROM sqlite_master
 WHERE type = 'table' AND NOT name = 'sqlite_sequence'
[0m
  [4;35;1mSQL (0.000067)[0m   [0mSELECT version FROM "schema_migrations"[0m
  [4;36;1mSQL (0.000933)[0m   [0;1mINSERT INTO "schema_migrations" (version) VALUES ('20080605161332')[0m
  [4;36;1mSQL (0.000504)[0m   [0;1m SELECT name
 FROM sqlite_master
 WHERE type = 'table' AND NOT name = 'sqlite_sequence'
[0m
  [4;35;1mSQL (0.000109)[0m   [0mSELECT version FROM schema_migrations[0m
  [4;36;1mSQL (0.000178)[0m   [0;1mselect sqlite_version(*)[0m
  [4;35;1mSQL (0.000141)[0m   [0mSELECT version FROM schema_migrations[0m
  [4;36;1mSQL (0.000147)[0m   [0;1m SELECT name
 FROM sqlite_master
 WHERE type = 'table' AND NOT name = 'sqlite_sequence'
[0m
  [4;35;1mSQL (0.000037)[0m   [0mPRAGMA index_list("bozons")[0m
  [4;36;1mSQL (0.000164)[0m   [0;1mselect sqlite_version(*)[0m
  [4;35;1mSQL (0.000316)[0m   [0m SELECT name
 FROM sqlite_master
 WHERE type = 'table' AND NOT name = 'sqlite_sequence'
[0m
  [4;36;1mSQL (0.001227)[0m   [0;1mCREATE TABLE "bozons" ("id" INTEGER PRIMARY KEY AUTOINCREMENT NOT NULL, "content" text DEFAULT NULL NULL, "created_at" datetime DEFAULT NULL NULL, "updated_at" datetime DEFAULT NULL NULL) [0m
  [4;35;1mSQL (0.000175)[0m   [0m SELECT name
 FROM sqlite_master
 WHERE type = 'table' AND NOT name = 'sqlite_sequence'
[0m
  [4;36;1mSQL (0.000863)[0m   [0;1mCREATE TABLE "schema_migrations" ("version" varchar(255) NOT NULL) [0m
  [4;35;1mSQL (0.008701)[0m   [0mCREATE UNIQUE INDEX "unique_schema_migrations" ON "schema_migrations" ("version")[0m
  [4;36;1mSQL (0.000236)[0m   [0;1m SELECT name
 FROM sqlite_master
 WHERE type = 'table' AND NOT name = 'sqlite_sequence'
[0m
  [4;35;1mSQL (0.000070)[0m   [0mSELECT version FROM "schema_migrations"[0m
  [4;36;1mSQL (0.000847)[0m   [0;1mINSERT INTO "schema_migrations" (version) VALUES ('20080605161332')[0m
  [4;36;1mSQL (0.000429)[0m   [0;1m SELECT name
 FROM sqlite_master
 WHERE type = 'table' AND NOT name = 'sqlite_sequence'
[0m
  [4;35;1mSQL (0.000108)[0m   [0mSELECT version FROM schema_migrations[0m
  [4;36;1mSQL (0.000114)[0m   [0;1mselect sqlite_version(*)[0m
  [4;35;1mSQL (0.000118)[0m   [0mSELECT version FROM schema_migrations[0m
  [4;36;1mSQL (0.000142)[0m   [0;1m SELECT name
 FROM sqlite_master
 WHERE type = 'table' AND NOT name = 'sqlite_sequence'
[0m
  [4;35;1mSQL (0.000036)[0m   [0mPRAGMA index_list("bozons")[0m
  [4;36;1mSQL (0.000150)[0m   [0;1mselect sqlite_version(*)[0m
  [4;35;1mSQL (0.000165)[0m   [0m SELECT name
 FROM sqlite_master
 WHERE type = 'table' AND NOT name = 'sqlite_sequence'
[0m
  [4;36;1mSQL (0.001307)[0m   [0;1mCREATE TABLE "bozons" ("id" INTEGER PRIMARY KEY AUTOINCREMENT NOT NULL, "content" text DEFAULT NULL NULL, "created_at" datetime DEFAULT NULL NULL, "updated_at" datetime DEFAULT NULL NULL) [0m
  [4;35;1mSQL (0.000224)[0m   [0m SELECT name
 FROM sqlite_master
 WHERE type = 'table' AND NOT name = 'sqlite_sequence'
[0m
  [4;36;1mSQL (0.000954)[0m   [0;1mCREATE TABLE "schema_migrations" ("version" varchar(255) NOT NULL) [0m
  [4;35;1mSQL (0.000914)[0m   [0mCREATE UNIQUE INDEX "unique_schema_migrations" ON "schema_migrations" ("version")[0m
  [4;36;1mSQL (0.000151)[0m   [0;1m SELECT name
 FROM sqlite_master
 WHERE type = 'table' AND NOT name = 'sqlite_sequence'
[0m
  [4;35;1mSQL (0.000068)[0m   [0mSELECT version FROM "schema_migrations"[0m
  [4;36;1mSQL (0.000883)[0m   [0;1mINSERT INTO "schema_migrations" (version) VALUES ('20080605161332')[0m
  [4;36;1mSQL (0.000504)[0m   [0;1m SELECT name
 FROM sqlite_master
 WHERE type = 'table' AND NOT name = 'sqlite_sequence'
[0m
  [4;35;1mSQL (0.000111)[0m   [0mSELECT version FROM schema_migrations[0m
  [4;36;1mSQL (0.000178)[0m   [0;1mselect sqlite_version(*)[0m
  [4;35;1mSQL (0.000151)[0m   [0mSELECT version FROM schema_migrations[0m
  [4;36;1mSQL (0.000155)[0m   [0;1m SELECT name
 FROM sqlite_master
 WHERE type = 'table' AND NOT name = 'sqlite_sequence'
[0m
  [4;35;1mSQL (0.000037)[0m   [0mPRAGMA index_list("bozons")[0m
  [4;36;1mSQL (0.000183)[0m   [0;1mselect sqlite_version(*)[0m
  [4;35;1mSQL (0.000198)[0m   [0m SELECT name
 FROM sqlite_master
 WHERE type = 'table' AND NOT name = 'sqlite_sequence'
[0m
  [4;36;1mSQL (0.001510)[0m   [0;1mCREATE TABLE "bozons" ("id" INTEGER PRIMARY KEY AUTOINCREMENT NOT NULL, "content" text DEFAULT NULL NULL, "created_at" datetime DEFAULT NULL NULL, "updated_at" datetime DEFAULT NULL NULL) [0m
  [4;35;1mSQL (0.000299)[0m   [0m SELECT name
 FROM sqlite_master
 WHERE type = 'table' AND NOT name = 'sqlite_sequence'
[0m
  [4;36;1mSQL (0.001238)[0m   [0;1mCREATE TABLE "schema_migrations" ("version" varchar(255) NOT NULL) [0m
  [4;35;1mSQL (0.001578)[0m   [0mCREATE UNIQUE INDEX "unique_schema_migrations" ON "schema_migrations" ("version")[0m
  [4;36;1mSQL (0.000223)[0m   [0;1m SELECT name
 FROM sqlite_master
 WHERE type = 'table' AND NOT name = 'sqlite_sequence'
[0m
  [4;35;1mSQL (0.000071)[0m   [0mSELECT version FROM "schema_migrations"[0m
  [4;36;1mSQL (0.000876)[0m   [0;1mINSERT INTO "schema_migrations" (version) VALUES ('20080605161332')[0m
  [4;36;1mSQL (0.000427)[0m   [0;1m SELECT name
 FROM sqlite_master
 WHERE type = 'table' AND NOT name = 'sqlite_sequence'
[0m
  [4;35;1mSQL (0.000111)[0m   [0mSELECT version FROM schema_migrations[0m
  [4;36;1mSQL (0.000125)[0m   [0;1mselect sqlite_version(*)[0m
  [4;35;1mSQL (0.000137)[0m   [0mSELECT version FROM schema_migrations[0m
  [4;36;1mSQL (0.000143)[0m   [0;1m SELECT name
 FROM sqlite_master
 WHERE type = 'table' AND NOT name = 'sqlite_sequence'
[0m
  [4;35;1mSQL (0.000036)[0m   [0mPRAGMA index_list("bozons")[0m
  [4;36;1mSQL (0.000153)[0m   [0;1mselect sqlite_version(*)[0m
  [4;35;1mSQL (0.000196)[0m   [0m SELECT name
 FROM sqlite_master
 WHERE type = 'table' AND NOT name = 'sqlite_sequence'
[0m
  [4;36;1mSQL (0.001372)[0m   [0;1mCREATE TABLE "bozons" ("id" INTEGER PRIMARY KEY AUTOINCREMENT NOT NULL, "content" text DEFAULT NULL NULL, "created_at" datetime DEFAULT NULL NULL, "updated_at" datetime DEFAULT NULL NULL) [0m
  [4;35;1mSQL (0.000291)[0m   [0m SELECT name
 FROM sqlite_master
 WHERE type = 'table' AND NOT name = 'sqlite_sequence'
[0m
  [4;36;1mSQL (0.001005)[0m   [0;1mCREATE TABLE "schema_migrations" ("version" varchar(255) NOT NULL) [0m
  [4;35;1mSQL (0.000992)[0m   [0mCREATE UNIQUE INDEX "unique_schema_migrations" ON "schema_migrations" ("version")[0m
  [4;36;1mSQL (0.000221)[0m   [0;1m SELECT name
 FROM sqlite_master
 WHERE type = 'table' AND NOT name = 'sqlite_sequence'
[0m
  [4;35;1mSQL (0.000071)[0m   [0mSELECT version FROM "schema_migrations"[0m
  [4;36;1mSQL (0.000866)[0m   [0;1mINSERT INTO "schema_migrations" (version) VALUES ('20080605161332')[0m
